TN:
SF:src/components/confirmation-modal.js
FN:6,get properties
FN:20,ConfirmationModal
FN:33,get styles
FN:119,openModal
FN:127,closeModal
FN:135,_handleCancel
FN:145,_handleConfirm
FN:155,_handleModalClosed
FN:159,_getIcon
FN:169,_getIconClass
FN:179,render
FNF:11
FNH:11
FNDA:7,get properties
FNDA:16,ConfirmationModal
FNDA:7,get styles
FNDA:1,openModal
FNDA:2,closeModal
FNDA:1,_handleCancel
FNDA:1,_handleConfirm
FNDA:2,_handleModalClosed
FNDA:30,_getIcon
FNDA:30,_getIconClass
FNDA:30,render
DA:1,7
DA:2,7
DA:3,7
DA:4,7
DA:5,7
DA:6,7
DA:7,7
DA:8,7
DA:9,7
DA:10,7
DA:11,7
DA:12,7
DA:13,7
DA:14,7
DA:15,7
DA:16,7
DA:17,7
DA:18,7
DA:19,7
DA:20,7
DA:21,16
DA:22,16
DA:23,16
DA:24,16
DA:25,16
DA:26,16
DA:27,16
DA:28,16
DA:29,16
DA:30,16
DA:31,16
DA:32,7
DA:33,7
DA:34,7
DA:35,7
DA:36,7
DA:37,7
DA:38,7
DA:39,7
DA:40,7
DA:41,7
DA:42,7
DA:43,7
DA:44,7
DA:45,7
DA:46,7
DA:47,7
DA:48,7
DA:49,7
DA:50,7
DA:51,7
DA:52,7
DA:53,7
DA:54,7
DA:55,7
DA:56,7
DA:57,7
DA:58,7
DA:59,7
DA:60,7
DA:61,7
DA:62,7
DA:63,7
DA:64,7
DA:65,7
DA:66,7
DA:67,7
DA:68,7
DA:69,7
DA:70,7
DA:71,7
DA:72,7
DA:73,7
DA:74,7
DA:75,7
DA:76,7
DA:77,7
DA:78,7
DA:79,7
DA:80,7
DA:81,7
DA:82,7
DA:83,7
DA:84,7
DA:85,7
DA:86,7
DA:87,7
DA:88,7
DA:89,7
DA:90,7
DA:91,7
DA:92,7
DA:93,7
DA:94,7
DA:95,7
DA:96,7
DA:97,7
DA:98,7
DA:99,7
DA:100,7
DA:101,7
DA:102,7
DA:103,7
DA:104,7
DA:105,7
DA:106,7
DA:107,7
DA:108,7
DA:109,7
DA:110,7
DA:111,7
DA:112,7
DA:113,7
DA:114,7
DA:115,7
DA:116,7
DA:117,7
DA:118,7
DA:119,7
DA:120,1
DA:121,1
DA:122,1
DA:123,1
DA:124,1
DA:125,1
DA:126,7
DA:127,7
DA:128,2
DA:129,2
DA:130,2
DA:131,2
DA:132,2
DA:133,2
DA:134,7
DA:135,7
DA:136,1
DA:137,1
DA:138,1
DA:139,1
DA:140,1
DA:141,1
DA:142,1
DA:143,1
DA:144,7
DA:145,7
DA:146,1
DA:147,1
DA:148,1
DA:149,1
DA:150,1
DA:151,1
DA:152,1
DA:153,1
DA:154,7
DA:155,7
DA:156,2
DA:157,2
DA:158,7
DA:159,7
DA:160,30
DA:161,2
DA:162,30
DA:163,27
DA:164,28
DA:165,1
DA:166,1
DA:167,30
DA:168,7
DA:169,7
DA:170,30
DA:171,2
DA:172,30
DA:173,27
DA:174,28
DA:175,1
DA:176,1
DA:177,30
DA:178,7
DA:179,7
DA:180,30
DA:181,30
DA:182,30
DA:183,30
DA:184,30
DA:185,30
DA:186,30
DA:187,30
DA:188,30
DA:189,30
DA:190,30
DA:191,30
DA:192,30
DA:193,30
DA:194,30
DA:195,30
DA:196,3
DA:197,3
DA:198,3
DA:199,3
DA:200,3
DA:201,3
DA:202,3
DA:203,3
DA:204,3
DA:205,3
DA:206,3
DA:207,3
DA:208,3
DA:209,3
DA:210,3
DA:211,30
DA:212,30
DA:213,30
DA:214,30
DA:215,30
DA:216,30
DA:217,30
DA:218,30
DA:219,30
DA:220,30
DA:221,30
DA:222,30
DA:223,30
DA:224,30
DA:225,30
DA:226,30
DA:227,30
DA:228,30
DA:229,30
DA:230,30
DA:231,30
DA:232,30
DA:233,30
DA:234,30
DA:235,30
DA:236,30
DA:237,7
DA:238,7
DA:239,7
LF:239
LH:239
BRDA:1,0,0,7
BRDA:6,1,0,7
BRDA:20,2,0,22
BRDA:33,3,0,7
BRDA:119,4,0,7
BRDA:127,5,0,8
BRDA:135,6,0,7
BRDA:145,7,0,7
BRDA:155,8,0,8
BRDA:159,9,0,36
BRDA:160,10,0,8
BRDA:162,11,0,34
BRDA:162,12,0,33
BRDA:164,13,0,7
BRDA:169,14,0,36
BRDA:170,15,0,8
BRDA:172,16,0,34
BRDA:172,17,0,33
BRDA:174,18,0,7
BRDA:179,19,0,36
BRDA:195,20,0,9
BRDA:200,21,0,7
BRDA:201,22,0,8
BRDA:205,23,0,7
BRDA:207,24,0,7
BRDA:211,25,0,33
BRDA:213,26,0,8
BRDA:214,27,0,34
BRF:28
BRH:28
end_of_record
TN:
SF:src/components/custom-button.js
FN:4,get properties
FN:15,CustomButton
FN:25,get styles
FN:228,_handleClick
FN:256,render
FNF:5
FNH:5
FNDA:9,get properties
FNDA:54,CustomButton
FNDA:9,get styles
FNDA:4,_handleClick
FNDA:75,render
DA:1,9
DA:2,9
DA:3,9
DA:4,9
DA:5,9
DA:6,9
DA:7,9
DA:8,9
DA:9,9
DA:10,9
DA:11,9
DA:12,9
DA:13,9
DA:14,9
DA:15,9
DA:16,54
DA:17,54
DA:18,54
DA:19,54
DA:20,54
DA:21,54
DA:22,54
DA:23,54
DA:24,9
DA:25,9
DA:26,9
DA:27,9
DA:28,9
DA:29,9
DA:30,9
DA:31,9
DA:32,9
DA:33,9
DA:34,9
DA:35,9
DA:36,9
DA:37,9
DA:38,9
DA:39,9
DA:40,9
DA:41,9
DA:42,9
DA:43,9
DA:44,9
DA:45,9
DA:46,9
DA:47,9
DA:48,9
DA:49,9
DA:50,9
DA:51,9
DA:52,9
DA:53,9
DA:54,9
DA:55,9
DA:56,9
DA:57,9
DA:58,9
DA:59,9
DA:60,9
DA:61,9
DA:62,9
DA:63,9
DA:64,9
DA:65,9
DA:66,9
DA:67,9
DA:68,9
DA:69,9
DA:70,9
DA:71,9
DA:72,9
DA:73,9
DA:74,9
DA:75,9
DA:76,9
DA:77,9
DA:78,9
DA:79,9
DA:80,9
DA:81,9
DA:82,9
DA:83,9
DA:84,9
DA:85,9
DA:86,9
DA:87,9
DA:88,9
DA:89,9
DA:90,9
DA:91,9
DA:92,9
DA:93,9
DA:94,9
DA:95,9
DA:96,9
DA:97,9
DA:98,9
DA:99,9
DA:100,9
DA:101,9
DA:102,9
DA:103,9
DA:104,9
DA:105,9
DA:106,9
DA:107,9
DA:108,9
DA:109,9
DA:110,9
DA:111,9
DA:112,9
DA:113,9
DA:114,9
DA:115,9
DA:116,9
DA:117,9
DA:118,9
DA:119,9
DA:120,9
DA:121,9
DA:122,9
DA:123,9
DA:124,9
DA:125,9
DA:126,9
DA:127,9
DA:128,9
DA:129,9
DA:130,9
DA:131,9
DA:132,9
DA:133,9
DA:134,9
DA:135,9
DA:136,9
DA:137,9
DA:138,9
DA:139,9
DA:140,9
DA:141,9
DA:142,9
DA:143,9
DA:144,9
DA:145,9
DA:146,9
DA:147,9
DA:148,9
DA:149,9
DA:150,9
DA:151,9
DA:152,9
DA:153,9
DA:154,9
DA:155,9
DA:156,9
DA:157,9
DA:158,9
DA:159,9
DA:160,9
DA:161,9
DA:162,9
DA:163,9
DA:164,9
DA:165,9
DA:166,9
DA:167,9
DA:168,9
DA:169,9
DA:170,9
DA:171,9
DA:172,9
DA:173,9
DA:174,9
DA:175,9
DA:176,9
DA:177,9
DA:178,9
DA:179,9
DA:180,9
DA:181,9
DA:182,9
DA:183,9
DA:184,9
DA:185,9
DA:186,9
DA:187,9
DA:188,9
DA:189,9
DA:190,9
DA:191,9
DA:192,9
DA:193,9
DA:194,9
DA:195,9
DA:196,9
DA:197,9
DA:198,9
DA:199,9
DA:200,9
DA:201,9
DA:202,9
DA:203,9
DA:204,9
DA:205,9
DA:206,9
DA:207,9
DA:208,9
DA:209,9
DA:210,9
DA:211,9
DA:212,9
DA:213,9
DA:214,9
DA:215,9
DA:216,9
DA:217,9
DA:218,9
DA:219,9
DA:220,9
DA:221,9
DA:222,9
DA:223,9
DA:224,9
DA:225,9
DA:226,9
DA:227,9
DA:228,9
DA:229,4
DA:230,2
DA:231,2
DA:232,2
DA:233,2
DA:234,2
DA:235,4
DA:236,1
DA:237,1
DA:238,1
DA:239,1
DA:240,1
DA:241,1
DA:242,1
DA:243,1
DA:244,1
DA:245,1
DA:246,1
DA:247,1
DA:248,1
DA:249,1
DA:250,1
DA:251,1
DA:252,1
DA:253,1
DA:254,4
DA:255,9
DA:256,9
DA:257,75
DA:258,75
DA:259,75
DA:260,75
DA:261,75
DA:262,75
DA:263,75
DA:264,75
DA:265,75
DA:266,75
DA:267,75
DA:268,75
DA:269,75
DA:270,75
DA:271,75
DA:272,75
DA:273,75
DA:274,75
DA:275,75
DA:276,75
DA:277,75
DA:278,75
DA:279,75
DA:280,75
DA:281,9
DA:282,9
DA:283,9
LF:283
LH:283
BRDA:1,0,0,9
BRDA:4,1,0,9
BRDA:15,2,0,61
BRDA:25,3,0,9
BRDA:256,4,0,82
BRDA:261,5,0,14
BRDA:261,6,0,75
BRDA:270,7,0,76
BRDA:273,8,0,14
BRDA:273,9,0,75
BRDA:228,10,0,12
BRDA:229,11,0,11
BRDA:229,12,0,10
BRDA:235,13,0,9
BRF:14
BRH:14
end_of_record
TN:
SF:src/components/employee-form.js
FN:14,get properties
FN:25,EmployeeForm
FN:36,stateChanged
FN:43,_initializeFormData
FN:56,updated
FN:73,get styles
FN:249,_validateField
FN:340,_validateForm
FN:352,_handleInputChange
FN:370,_handleSubmit
FN:384,_performCreateEmployee
FN:414,_performUpdateEmployee
FN:444,_handleUpdateConfirmed
FN:449,_handleUpdateCancelled
FN:453,_handleCancel
FN:462,_handleReset
FN:480,render
FNF:17
FNH:14
FNDA:4,get properties
FNDA:35,EmployeeForm
FNDA:0,stateChanged
FNDA:38,_initializeFormData
FNDA:1,updated
FNDA:3,get styles
FNDA:79,_validateField
FNDA:5,_validateForm
FNDA:3,_handleInputChange
FNDA:3,_handleSubmit
FNDA:0,_performCreateEmployee
FNDA:0,_performUpdateEmployee
FNDA:2,_handleUpdateConfirmed
FNDA:1,_handleUpdateCancelled
FNDA:1,_handleCancel
FNDA:2,_handleReset
FNDA:9,render
DA:1,3
DA:2,3
DA:3,3
DA:4,3
DA:5,3
DA:6,3
DA:7,3
DA:8,3
DA:9,3
DA:10,3
DA:11,3
DA:12,3
DA:13,3
DA:14,3
DA:15,4
DA:16,4
DA:17,4
DA:18,4
DA:19,4
DA:20,4
DA:21,4
DA:22,4
DA:23,4
DA:24,3
DA:25,3
DA:26,35
DA:27,35
DA:28,35
DA:29,35
DA:30,35
DA:31,35
DA:32,35
DA:33,35
DA:34,35
DA:35,3
DA:36,3
DA:37,0
DA:38,0
DA:39,0
DA:40,0
DA:41,0
DA:42,3
DA:43,3
DA:44,38
DA:45,38
DA:46,38
DA:47,38
DA:48,38
DA:49,38
DA:50,38
DA:51,38
DA:52,38
DA:53,38
DA:54,38
DA:55,3
DA:56,3
DA:57,1
DA:58,1
DA:59,1
DA:60,1
DA:61,1
DA:62,1
DA:63,1
DA:64,1
DA:65,1
DA:66,1
DA:67,1
DA:68,1
DA:69,1
DA:70,1
DA:71,1
DA:72,3
DA:73,3
DA:74,3
DA:75,3
DA:76,3
DA:77,3
DA:78,3
DA:79,3
DA:80,3
DA:81,3
DA:82,3
DA:83,3
DA:84,3
DA:85,3
DA:86,3
DA:87,3
DA:88,3
DA:89,3
DA:90,3
DA:91,3
DA:92,3
DA:93,3
DA:94,3
DA:95,3
DA:96,3
DA:97,3
DA:98,3
DA:99,3
DA:100,3
DA:101,3
DA:102,3
DA:103,3
DA:104,3
DA:105,3
DA:106,3
DA:107,3
DA:108,3
DA:109,3
DA:110,3
DA:111,3
DA:112,3
DA:113,3
DA:114,3
DA:115,3
DA:116,3
DA:117,3
DA:118,3
DA:119,3
DA:120,3
DA:121,3
DA:122,3
DA:123,3
DA:124,3
DA:125,3
DA:126,3
DA:127,3
DA:128,3
DA:129,3
DA:130,3
DA:131,3
DA:132,3
DA:133,3
DA:134,3
DA:135,3
DA:136,3
DA:137,3
DA:138,3
DA:139,3
DA:140,3
DA:141,3
DA:142,3
DA:143,3
DA:144,3
DA:145,3
DA:146,3
DA:147,3
DA:148,3
DA:149,3
DA:150,3
DA:151,3
DA:152,3
DA:153,3
DA:154,3
DA:155,3
DA:156,3
DA:157,3
DA:158,3
DA:159,3
DA:160,3
DA:161,3
DA:162,3
DA:163,3
DA:164,3
DA:165,3
DA:166,3
DA:167,3
DA:168,3
DA:169,3
DA:170,3
DA:171,3
DA:172,3
DA:173,3
DA:174,3
DA:175,3
DA:176,3
DA:177,3
DA:178,3
DA:179,3
DA:180,3
DA:181,3
DA:182,3
DA:183,3
DA:184,3
DA:185,3
DA:186,3
DA:187,3
DA:188,3
DA:189,3
DA:190,3
DA:191,3
DA:192,3
DA:193,3
DA:194,3
DA:195,3
DA:196,3
DA:197,3
DA:198,3
DA:199,3
DA:200,3
DA:201,3
DA:202,3
DA:203,3
DA:204,3
DA:205,3
DA:206,3
DA:207,3
DA:208,3
DA:209,3
DA:210,3
DA:211,3
DA:212,3
DA:213,3
DA:214,3
DA:215,3
DA:216,3
DA:217,3
DA:218,3
DA:219,3
DA:220,3
DA:221,3
DA:222,3
DA:223,3
DA:224,3
DA:225,3
DA:226,3
DA:227,3
DA:228,3
DA:229,3
DA:230,3
DA:231,3
DA:232,3
DA:233,3
DA:234,3
DA:235,3
DA:236,3
DA:237,3
DA:238,3
DA:239,3
DA:240,3
DA:241,3
DA:242,3
DA:243,3
DA:244,3
DA:245,3
DA:246,3
DA:247,3
DA:248,3
DA:249,3
DA:250,79
DA:251,79
DA:252,79
DA:253,79
DA:254,79
DA:255,22
DA:256,9
DA:257,22
DA:258,2
DA:259,2
DA:260,22
DA:261,79
DA:262,79
DA:263,14
DA:264,3
DA:265,14
DA:266,3
DA:267,11
DA:268,8
DA:269,9
DA:270,9
DA:271,9
DA:272,5
DA:273,9
DA:274,2
DA:275,2
DA:276,7
DA:277,7
DA:278,7
DA:279,9
DA:280,8
DA:281,8
DA:282,8
DA:283,2
DA:284,2
DA:285,8
DA:286,14
DA:287,79
DA:288,79
DA:289,11
DA:290,3
DA:291,11
DA:292,2
DA:293,2
DA:294,11
DA:295,79
DA:296,79
DA:297,8
DA:298,3
DA:299,8
DA:300,5
DA:301,5
DA:302,5
DA:303,1
DA:304,1
DA:305,5
DA:306,8
DA:307,79
DA:308,79
DA:309,10
DA:310,3
DA:311,10
DA:312,7
DA:313,7
DA:314,7
DA:315,7
DA:316,1
DA:317,7
DA:318,6
DA:319,6
DA:320,2
DA:321,2
DA:322,6
DA:323,1
DA:324,1
DA:325,6
DA:326,7
DA:327,10
DA:328,79
DA:329,79
DA:330,79
DA:331,14
DA:332,6
DA:333,6
DA:334,14
DA:335,79
DA:336,79
DA:337,79
DA:338,79
DA:339,3
DA:340,3
DA:341,5
DA:342,5
DA:343,5
DA:344,40
DA:345,40
DA:346,5
DA:347,5
DA:348,5
DA:349,5
DA:350,5
DA:351,3
DA:352,3
DA:353,3
DA:354,3
DA:355,3
DA:356,3
DA:357,1
DA:358,1
DA:359,1
DA:360,1
DA:361,3
DA:362,3
DA:363,3
DA:364,1
DA:365,1
DA:366,3
DA:367,3
DA:368,3
DA:369,3
DA:370,3
DA:371,3
DA:372,3
DA:373,1
DA:374,1
DA:375,1
DA:376,2
DA:377,3
DA:378,1
DA:379,1
DA:380,1
DA:381,1
DA:382,3
DA:383,3
DA:384,3
DA:385,0
DA:386,0
DA:387,0
DA:388,0
DA:389,0
DA:390,0
DA:391,0
DA:392,0
DA:393,0
DA:394,0
DA:395,0
DA:396,0
DA:397,0
DA:398,0
DA:399,0
DA:400,0
DA:401,0
DA:402,0
DA:403,0
DA:404,0
DA:405,0
DA:406,0
DA:407,0
DA:408,0
DA:409,0
DA:410,0
DA:411,0
DA:412,0
DA:413,3
DA:414,3
DA:415,0
DA:416,0
DA:417,0
DA:418,0
DA:419,0
DA:420,0
DA:421,0
DA:422,0
DA:423,0
DA:424,0
DA:425,0
DA:426,0
DA:427,0
DA:428,0
DA:429,0
DA:430,0
DA:431,0
DA:432,0
DA:433,0
DA:434,0
DA:435,0
DA:436,0
DA:437,0
DA:438,0
DA:439,0
DA:440,0
DA:441,0
DA:442,0
DA:443,3
DA:444,3
DA:445,2
DA:446,2
DA:447,2
DA:448,3
DA:449,3
DA:450,1
DA:451,1
DA:452,3
DA:453,3
DA:454,1
DA:455,1
DA:456,1
DA:457,1
DA:458,1
DA:459,1
DA:460,1
DA:461,3
DA:462,3
DA:463,2
DA:464,2
DA:465,2
DA:466,1
DA:467,1
DA:468,1
DA:469,1
DA:470,1
DA:471,1
DA:472,1
DA:473,1
DA:474,1
DA:475,1
DA:476,1
DA:477,2
DA:478,2
DA:479,3
DA:480,3
DA:481,9
DA:482,9
DA:483,9
DA:484,1
DA:485,1
DA:486,1
DA:487,1
DA:488,1
DA:489,1
DA:490,1
DA:491,1
DA:492,9
DA:493,9
DA:494,9
DA:495,9
DA:496,9
DA:497,9
DA:498,9
DA:499,9
DA:500,9
DA:501,9
DA:502,9
DA:503,9
DA:504,9
DA:505,9
DA:506,9
DA:507,9
DA:508,9
DA:509,9
DA:510,9
DA:511,9
DA:512,9
DA:513,9
DA:514,9
DA:515,9
DA:516,9
DA:517,9
DA:518,9
DA:519,9
DA:520,9
DA:521,9
DA:522,9
DA:523,9
DA:524,9
DA:525,9
DA:526,9
DA:527,1
DA:528,1
DA:529,9
DA:530,9
DA:531,9
DA:532,9
DA:533,9
DA:534,9
DA:535,9
DA:536,9
DA:537,9
DA:538,9
DA:539,9
DA:540,9
DA:541,9
DA:542,9
DA:543,9
DA:544,9
DA:545,9
DA:546,9
DA:547,9
DA:548,1
DA:549,1
DA:550,9
DA:551,9
DA:552,9
DA:553,9
DA:554,9
DA:555,9
DA:556,9
DA:557,9
DA:558,9
DA:559,9
DA:560,9
DA:561,9
DA:562,9
DA:563,9
DA:564,9
DA:565,9
DA:566,9
DA:567,9
DA:568,9
DA:569,9
DA:570,9
DA:571,9
DA:572,9
DA:573,9
DA:574,9
DA:575,9
DA:576,9
DA:577,9
DA:578,9
DA:579,9
DA:580,9
DA:581,9
DA:582,9
DA:583,9
DA:584,9
DA:585,9
DA:586,9
DA:587,9
DA:588,9
DA:589,9
DA:590,9
DA:591,9
DA:592,9
DA:593,9
DA:594,9
DA:595,9
DA:596,9
DA:597,9
DA:598,9
DA:599,9
DA:600,9
DA:601,9
DA:602,9
DA:603,9
DA:604,9
DA:605,9
DA:606,9
DA:607,9
DA:608,9
DA:609,9
DA:610,9
DA:611,9
DA:612,9
DA:613,9
DA:614,9
DA:615,9
DA:616,2
DA:617,2
DA:618,2
DA:619,2
DA:620,9
DA:621,9
DA:622,9
DA:623,9
DA:624,9
DA:625,9
DA:626,9
DA:627,9
DA:628,9
DA:629,9
DA:630,9
DA:631,9
DA:632,9
DA:633,9
DA:634,9
DA:635,9
DA:636,9
DA:637,9
DA:638,9
DA:639,9
DA:640,9
DA:641,9
DA:642,2
DA:643,2
DA:644,2
DA:645,2
DA:646,9
DA:647,9
DA:648,9
DA:649,9
DA:650,9
DA:651,9
DA:652,9
DA:653,9
DA:654,9
DA:655,9
DA:656,9
DA:657,9
DA:658,9
DA:659,9
DA:660,9
DA:661,9
DA:662,9
DA:663,9
DA:664,9
DA:665,9
DA:666,9
DA:667,9
DA:668,9
DA:669,9
DA:670,9
DA:671,9
DA:672,9
DA:673,9
DA:674,2
DA:675,2
DA:676,2
DA:677,2
DA:678,9
DA:679,9
DA:680,9
DA:681,9
DA:682,9
DA:683,9
DA:684,9
DA:685,9
DA:686,9
DA:687,9
DA:688,9
DA:689,9
DA:690,9
DA:691,9
DA:692,9
DA:693,9
DA:694,9
DA:695,9
DA:696,9
DA:697,9
DA:698,9
DA:699,9
DA:700,9
DA:701,9
DA:702,2
DA:703,2
DA:704,9
DA:705,9
DA:706,9
DA:707,9
DA:708,9
DA:709,9
DA:710,9
DA:711,9
DA:712,9
DA:713,9
DA:714,9
DA:715,9
DA:716,9
DA:717,9
DA:718,9
DA:719,9
DA:720,9
DA:721,9
DA:722,9
DA:723,9
DA:724,9
DA:725,9
DA:726,9
DA:727,9
DA:728,9
DA:729,9
DA:730,9
DA:731,9
DA:732,9
DA:733,9
DA:734,9
DA:735,9
DA:736,9
DA:737,9
DA:738,9
DA:739,9
DA:740,9
DA:741,9
DA:742,9
DA:743,9
DA:744,9
DA:745,9
DA:746,9
DA:747,9
DA:748,9
DA:749,9
DA:750,1
DA:751,1
DA:752,1
DA:753,9
DA:754,9
DA:755,9
DA:756,9
DA:757,9
DA:758,9
DA:759,3
DA:760,3
DA:761,3
LF:761
LH:700
BRDA:1,0,0,3
BRDA:14,1,0,4
BRDA:25,2,0,37
BRDA:43,3,0,40
BRDA:56,4,0,3
BRDA:60,5,0,2
BRDA:61,6,0,2
BRDA:62,7,0,2
BRDA:63,8,0,2
BRDA:64,9,0,2
BRDA:65,10,0,2
BRDA:66,11,0,2
BRDA:67,12,0,2
BRDA:73,13,0,3
BRDA:249,14,0,81
BRDA:253,15,0,15
BRDA:254,16,0,24
BRDA:255,17,0,18
BRDA:255,18,0,11
BRDA:257,19,0,15
BRDA:257,20,0,15
BRDA:262,21,0,16
BRDA:263,22,0,13
BRDA:263,23,0,5
BRDA:265,24,0,13
BRDA:265,25,0,5
BRDA:267,26,0,10
BRDA:282,27,0,4
BRDA:288,28,0,13
BRDA:289,29,0,10
BRDA:289,30,0,5
BRDA:291,31,0,10
BRDA:291,32,0,10
BRDA:296,33,0,10
BRDA:297,34,0,5
BRDA:299,35,0,7
BRDA:302,36,0,3
BRDA:308,37,0,12
BRDA:309,38,0,5
BRDA:311,39,0,9
BRDA:315,40,0,3
BRDA:317,41,0,8
BRDA:319,42,0,6
BRDA:319,43,0,4
BRDA:322,44,0,3
BRDA:329,45,0,9
BRDA:330,46,0,16
BRDA:331,47,0,10
BRDA:331,48,0,8
BRDA:268,49,0,11
BRDA:270,50,0,7
BRDA:271,51,0,7
BRDA:273,52,0,4
BRDA:276,53,0,9
BRDA:340,54,0,7
BRDA:343,55,0,42
BRDA:352,56,0,5
BRDA:356,57,0,3
BRDA:363,58,0,3
BRDA:370,59,0,5
BRDA:372,60,0,3
BRDA:376,61,0,4
BRDA:377,62,0,3
BRDA:444,63,0,4
BRDA:449,64,0,3
BRDA:453,65,0,3
BRDA:462,66,0,4
BRDA:465,67,0,3
BRDA:465,68,0,3
BRDA:467,69,0,2
BRDA:468,70,0,2
BRDA:469,71,0,2
BRDA:470,72,0,2
BRDA:471,73,0,2
BRDA:472,74,0,2
BRDA:473,75,0,2
BRDA:474,76,0,2
BRDA:480,77,0,11
BRDA:483,78,0,3
BRDA:488,79,0,2
BRDA:492,80,0,10
BRDA:498,81,0,4
BRDA:499,82,0,9
BRDA:503,83,0,4
BRDA:504,84,0,9
BRDA:511,85,0,3
BRDA:511,86,0,10
BRDA:519,87,0,3
BRDA:519,88,0,10
BRDA:526,89,0,3
BRDA:529,90,0,10
BRDA:532,91,0,3
BRDA:532,92,0,10
BRDA:540,93,0,3
BRDA:540,94,0,10
BRDA:547,95,0,3
BRDA:550,96,0,10
BRDA:556,97,0,3
BRDA:556,98,0,10
BRDA:565,99,0,3
BRDA:565,100,0,10
BRDA:572,101,0,3
BRDA:573,102,0,10
BRDA:578,103,0,3
BRDA:578,104,0,10
BRDA:587,105,0,3
BRDA:587,106,0,10
BRDA:594,107,0,3
BRDA:595,108,0,10
BRDA:601,109,0,4
BRDA:601,110,0,9
BRDA:609,111,0,4
BRDA:609,112,0,9
BRDA:615,113,0,4
BRDA:620,114,0,9
BRDA:624,115,0,4
BRDA:624,116,0,9
BRDA:634,117,0,4
BRDA:635,118,0,9
BRDA:641,119,0,4
BRDA:646,120,0,9
BRDA:652,121,0,4
BRDA:652,122,0,9
BRDA:659,123,0,4
BRDA:659,124,0,9
BRDA:673,125,0,4
BRDA:678,126,0,9
BRDA:681,127,0,4
BRDA:681,128,0,9
BRDA:688,129,0,4
BRDA:688,130,0,9
BRDA:701,131,0,4
BRDA:704,132,0,9
BRDA:732,133,0,4
BRDA:733,134,0,9
BRDA:749,135,0,3
BRDA:753,136,0,10
BRF:137
BRH:137
end_of_record
TN:
SF:src/components/employee-list.js
FN:7,get properties
FN:19,EmployeeList
FN:30,get styles
FN:418,_formatDate
FN:424,_formatPhone
FN:428,_getDepartmentClass
FN:439,_getPositionClass
FN:452,_getLocalizedDepartment
FN:457,_getLocalizedPosition
FN:462,_handleEdit
FN:467,_handleDelete
FN:472,_handleDeleteConfirmed
FN:485,_handleDeleteCancelled
FN:491,closeDeleteModal
FN:497,_handlePageChange
FN:507,_handleItemsPerPageChange
FN:517,get paginatedEmployees
FN:523,render
FNF:18
FNH:18
FNDA:3,get properties
FNDA:15,EmployeeList
FNDA:2,get styles
FNDA:9,_formatDate
FNDA:6,_formatPhone
FNDA:6,_getDepartmentClass
FNDA:7,_getPositionClass
FNDA:6,_getLocalizedDepartment
FNDA:6,_getLocalizedPosition
FNDA:1,_handleEdit
FNDA:1,_handleDelete
FNDA:1,_handleDeleteConfirmed
FNDA:1,_handleDeleteCancelled
FNDA:1,closeDeleteModal
FNDA:1,_handlePageChange
FNDA:1,_handleItemsPerPageChange
FNDA:5,get paginatedEmployees
FNDA:2,render
DA:1,2
DA:2,2
DA:3,2
DA:4,2
DA:5,2
DA:6,2
DA:7,2
DA:8,3
DA:9,3
DA:10,3
DA:11,3
DA:12,3
DA:13,3
DA:14,3
DA:15,3
DA:16,3
DA:17,3
DA:18,2
DA:19,2
DA:20,15
DA:21,15
DA:22,15
DA:23,15
DA:24,15
DA:25,15
DA:26,15
DA:27,15
DA:28,15
DA:29,2
DA:30,2
DA:31,2
DA:32,2
DA:33,2
DA:34,2
DA:35,2
DA:36,2
DA:37,2
DA:38,2
DA:39,2
DA:40,2
DA:41,2
DA:42,2
DA:43,2
DA:44,2
DA:45,2
DA:46,2
DA:47,2
DA:48,2
DA:49,2
DA:50,2
DA:51,2
DA:52,2
DA:53,2
DA:54,2
DA:55,2
DA:56,2
DA:57,2
DA:58,2
DA:59,2
DA:60,2
DA:61,2
DA:62,2
DA:63,2
DA:64,2
DA:65,2
DA:66,2
DA:67,2
DA:68,2
DA:69,2
DA:70,2
DA:71,2
DA:72,2
DA:73,2
DA:74,2
DA:75,2
DA:76,2
DA:77,2
DA:78,2
DA:79,2
DA:80,2
DA:81,2
DA:82,2
DA:83,2
DA:84,2
DA:85,2
DA:86,2
DA:87,2
DA:88,2
DA:89,2
DA:90,2
DA:91,2
DA:92,2
DA:93,2
DA:94,2
DA:95,2
DA:96,2
DA:97,2
DA:98,2
DA:99,2
DA:100,2
DA:101,2
DA:102,2
DA:103,2
DA:104,2
DA:105,2
DA:106,2
DA:107,2
DA:108,2
DA:109,2
DA:110,2
DA:111,2
DA:112,2
DA:113,2
DA:114,2
DA:115,2
DA:116,2
DA:117,2
DA:118,2
DA:119,2
DA:120,2
DA:121,2
DA:122,2
DA:123,2
DA:124,2
DA:125,2
DA:126,2
DA:127,2
DA:128,2
DA:129,2
DA:130,2
DA:131,2
DA:132,2
DA:133,2
DA:134,2
DA:135,2
DA:136,2
DA:137,2
DA:138,2
DA:139,2
DA:140,2
DA:141,2
DA:142,2
DA:143,2
DA:144,2
DA:145,2
DA:146,2
DA:147,2
DA:148,2
DA:149,2
DA:150,2
DA:151,2
DA:152,2
DA:153,2
DA:154,2
DA:155,2
DA:156,2
DA:157,2
DA:158,2
DA:159,2
DA:160,2
DA:161,2
DA:162,2
DA:163,2
DA:164,2
DA:165,2
DA:166,2
DA:167,2
DA:168,2
DA:169,2
DA:170,2
DA:171,2
DA:172,2
DA:173,2
DA:174,2
DA:175,2
DA:176,2
DA:177,2
DA:178,2
DA:179,2
DA:180,2
DA:181,2
DA:182,2
DA:183,2
DA:184,2
DA:185,2
DA:186,2
DA:187,2
DA:188,2
DA:189,2
DA:190,2
DA:191,2
DA:192,2
DA:193,2
DA:194,2
DA:195,2
DA:196,2
DA:197,2
DA:198,2
DA:199,2
DA:200,2
DA:201,2
DA:202,2
DA:203,2
DA:204,2
DA:205,2
DA:206,2
DA:207,2
DA:208,2
DA:209,2
DA:210,2
DA:211,2
DA:212,2
DA:213,2
DA:214,2
DA:215,2
DA:216,2
DA:217,2
DA:218,2
DA:219,2
DA:220,2
DA:221,2
DA:222,2
DA:223,2
DA:224,2
DA:225,2
DA:226,2
DA:227,2
DA:228,2
DA:229,2
DA:230,2
DA:231,2
DA:232,2
DA:233,2
DA:234,2
DA:235,2
DA:236,2
DA:237,2
DA:238,2
DA:239,2
DA:240,2
DA:241,2
DA:242,2
DA:243,2
DA:244,2
DA:245,2
DA:246,2
DA:247,2
DA:248,2
DA:249,2
DA:250,2
DA:251,2
DA:252,2
DA:253,2
DA:254,2
DA:255,2
DA:256,2
DA:257,2
DA:258,2
DA:259,2
DA:260,2
DA:261,2
DA:262,2
DA:263,2
DA:264,2
DA:265,2
DA:266,2
DA:267,2
DA:268,2
DA:269,2
DA:270,2
DA:271,2
DA:272,2
DA:273,2
DA:274,2
DA:275,2
DA:276,2
DA:277,2
DA:278,2
DA:279,2
DA:280,2
DA:281,2
DA:282,2
DA:283,2
DA:284,2
DA:285,2
DA:286,2
DA:287,2
DA:288,2
DA:289,2
DA:290,2
DA:291,2
DA:292,2
DA:293,2
DA:294,2
DA:295,2
DA:296,2
DA:297,2
DA:298,2
DA:299,2
DA:300,2
DA:301,2
DA:302,2
DA:303,2
DA:304,2
DA:305,2
DA:306,2
DA:307,2
DA:308,2
DA:309,2
DA:310,2
DA:311,2
DA:312,2
DA:313,2
DA:314,2
DA:315,2
DA:316,2
DA:317,2
DA:318,2
DA:319,2
DA:320,2
DA:321,2
DA:322,2
DA:323,2
DA:324,2
DA:325,2
DA:326,2
DA:327,2
DA:328,2
DA:329,2
DA:330,2
DA:331,2
DA:332,2
DA:333,2
DA:334,2
DA:335,2
DA:336,2
DA:337,2
DA:338,2
DA:339,2
DA:340,2
DA:341,2
DA:342,2
DA:343,2
DA:344,2
DA:345,2
DA:346,2
DA:347,2
DA:348,2
DA:349,2
DA:350,2
DA:351,2
DA:352,2
DA:353,2
DA:354,2
DA:355,2
DA:356,2
DA:357,2
DA:358,2
DA:359,2
DA:360,2
DA:361,2
DA:362,2
DA:363,2
DA:364,2
DA:365,2
DA:366,2
DA:367,2
DA:368,2
DA:369,2
DA:370,2
DA:371,2
DA:372,2
DA:373,2
DA:374,2
DA:375,2
DA:376,2
DA:377,2
DA:378,2
DA:379,2
DA:380,2
DA:381,2
DA:382,2
DA:383,2
DA:384,2
DA:385,2
DA:386,2
DA:387,2
DA:388,2
DA:389,2
DA:390,2
DA:391,2
DA:392,2
DA:393,2
DA:394,2
DA:395,2
DA:396,2
DA:397,2
DA:398,2
DA:399,2
DA:400,2
DA:401,2
DA:402,2
DA:403,2
DA:404,2
DA:405,2
DA:406,2
DA:407,2
DA:408,2
DA:409,2
DA:410,2
DA:411,2
DA:412,2
DA:413,2
DA:414,2
DA:415,2
DA:416,2
DA:417,2
DA:418,2
DA:419,9
DA:420,7
DA:421,9
DA:422,9
DA:423,2
DA:424,2
DA:425,6
DA:426,6
DA:427,2
DA:428,2
DA:429,6
DA:430,6
DA:431,3
DA:432,6
DA:433,2
DA:434,6
DA:435,1
DA:436,6
DA:437,6
DA:438,2
DA:439,2
DA:440,7
DA:441,7
DA:442,2
DA:443,7
DA:444,2
DA:445,7
DA:446,2
DA:447,7
DA:448,1
DA:449,7
DA:450,7
DA:451,2
DA:452,2
DA:453,6
DA:454,6
DA:455,6
DA:456,2
DA:457,2
DA:458,6
DA:459,6
DA:460,6
DA:461,2
DA:462,2
DA:463,1
DA:464,1
DA:465,1
DA:466,2
DA:467,2
DA:468,1
DA:469,1
DA:470,1
DA:471,2
DA:472,2
DA:473,1
DA:474,1
DA:475,1
DA:476,1
DA:477,1
DA:478,1
DA:479,1
DA:480,1
DA:481,1
DA:482,1
DA:483,1
DA:484,2
DA:485,2
DA:486,1
DA:487,1
DA:488,1
DA:489,1
DA:490,2
DA:491,2
DA:492,1
DA:493,1
DA:494,1
DA:495,1
DA:496,2
DA:497,2
DA:498,1
DA:499,1
DA:500,1
DA:501,1
DA:502,1
DA:503,1
DA:504,1
DA:505,1
DA:506,2
DA:507,2
DA:508,1
DA:509,1
DA:510,1
DA:511,1
DA:512,1
DA:513,1
DA:514,1
DA:515,1
DA:516,2
DA:517,2
DA:518,5
DA:519,5
DA:520,5
DA:521,5
DA:522,2
DA:523,2
DA:524,2
DA:525,2
DA:526,2
DA:527,1
DA:528,1
DA:529,1
DA:530,1
DA:531,1
DA:532,1
DA:533,1
DA:534,1
DA:535,1
DA:536,1
DA:537,1
DA:538,1
DA:539,1
DA:540,2
DA:541,2
DA:542,2
DA:543,3
DA:544,3
DA:545,3
DA:546,3
DA:547,3
DA:548,3
DA:549,3
DA:550,3
DA:551,3
DA:552,3
DA:553,3
DA:554,3
DA:555,3
DA:556,3
DA:557,3
DA:558,3
DA:559,3
DA:560,3
DA:561,3
DA:562,3
DA:563,3
DA:564,3
DA:565,3
DA:566,3
DA:567,3
DA:568,3
DA:569,3
DA:570,3
DA:571,3
DA:572,3
DA:573,3
DA:574,3
DA:575,3
DA:576,3
DA:577,3
DA:578,3
DA:579,3
DA:580,3
DA:581,3
DA:582,3
DA:583,3
DA:584,3
DA:585,3
DA:586,3
DA:587,3
DA:588,3
DA:589,3
DA:590,3
DA:591,3
DA:592,3
DA:593,3
DA:594,3
DA:595,3
DA:596,3
DA:597,3
DA:598,3
DA:599,3
DA:600,3
DA:601,3
DA:602,3
DA:603,3
DA:604,3
DA:605,3
DA:606,3
DA:607,3
DA:608,3
DA:609,3
DA:610,3
DA:611,3
DA:612,3
DA:613,3
DA:614,3
DA:615,3
DA:616,3
DA:617,3
DA:618,3
DA:619,3
DA:620,3
DA:621,3
DA:622,3
DA:623,3
DA:624,3
DA:625,3
DA:626,3
DA:627,3
DA:628,3
DA:629,3
DA:630,2
DA:631,2
DA:632,2
DA:633,2
DA:634,2
DA:635,2
DA:636,2
DA:637,2
DA:638,2
DA:639,2
DA:640,2
DA:641,2
DA:642,2
DA:643,2
DA:644,2
DA:645,2
DA:646,2
DA:647,2
DA:648,2
DA:649,2
DA:650,2
DA:651,2
DA:652,2
DA:653,2
DA:654,2
DA:655,2
DA:656,2
DA:657,2
DA:658,2
DA:659,2
DA:660,2
DA:661,2
LF:661
LH:661
BRDA:1,0,0,2
BRDA:7,1,0,3
BRDA:19,2,0,16
BRDA:30,3,0,2
BRDA:418,4,0,10
BRDA:419,5,0,3
BRDA:420,6,0,8
BRDA:424,7,0,7
BRDA:425,8,0,3
BRDA:428,9,0,7
BRDA:430,10,0,4
BRDA:432,11,0,3
BRDA:434,12,0,2
BRDA:439,13,0,8
BRDA:441,14,0,3
BRDA:443,15,0,3
BRDA:445,16,0,3
BRDA:447,17,0,2
BRDA:452,18,0,7
BRDA:454,19,0,1
BRDA:457,20,0,7
BRDA:459,21,0,1
BRDA:462,22,0,2
BRDA:467,23,0,2
BRDA:472,24,0,2
BRDA:485,25,0,2
BRDA:491,26,0,2
BRDA:497,27,0,2
BRDA:507,28,0,2
BRDA:517,29,0,6
BRDA:523,30,0,3
BRDA:526,31,0,2
BRDA:540,32,0,1
BRDA:540,33,0,2
BRDA:646,34,0,1
BRDA:647,35,0,2
BRDA:542,36,0,4
BRF:37
BRH:37
end_of_record
TN:
SF:src/components/employee-table.js
FN:7,get properties
FN:19,EmployeeTable
FN:30,get styles
FN:283,_formatDate
FN:288,_formatPhone
FN:293,_getDepartmentClass
FN:304,_getPositionClass
FN:317,_getLocalizedDepartment
FN:322,_getLocalizedPosition
FN:327,_handleEdit
FN:332,_handleDelete
FN:341,_handleDeleteConfirmed
FN:353,_handleDeleteCancelled
FN:359,closeDeleteModal
FN:369,_handlePageChange
FN:379,_handleItemsPerPageChange
FN:389,get paginatedEmployees
FN:399,render
FNF:18
FNH:18
FNDA:3,get properties
FNDA:20,EmployeeTable
FNDA:2,get styles
FNDA:28,_formatDate
FNDA:16,_formatPhone
FNDA:9,_getDepartmentClass
FNDA:10,_getPositionClass
FNDA:9,_getLocalizedDepartment
FNDA:10,_getLocalizedPosition
FNDA:1,_handleEdit
FNDA:1,_handleDelete
FNDA:1,_handleDeleteConfirmed
FNDA:1,_handleDeleteCancelled
FNDA:1,closeDeleteModal
FNDA:1,_handlePageChange
FNDA:1,_handleItemsPerPageChange
FNDA:7,get paginatedEmployees
FNDA:3,render
DA:1,2
DA:2,2
DA:3,2
DA:4,2
DA:5,2
DA:6,2
DA:7,2
DA:8,3
DA:9,3
DA:10,3
DA:11,3
DA:12,3
DA:13,3
DA:14,3
DA:15,3
DA:16,3
DA:17,3
DA:18,2
DA:19,2
DA:20,20
DA:21,20
DA:22,20
DA:23,20
DA:24,20
DA:25,20
DA:26,20
DA:27,20
DA:28,20
DA:29,2
DA:30,2
DA:31,2
DA:32,2
DA:33,2
DA:34,2
DA:35,2
DA:36,2
DA:37,2
DA:38,2
DA:39,2
DA:40,2
DA:41,2
DA:42,2
DA:43,2
DA:44,2
DA:45,2
DA:46,2
DA:47,2
DA:48,2
DA:49,2
DA:50,2
DA:51,2
DA:52,2
DA:53,2
DA:54,2
DA:55,2
DA:56,2
DA:57,2
DA:58,2
DA:59,2
DA:60,2
DA:61,2
DA:62,2
DA:63,2
DA:64,2
DA:65,2
DA:66,2
DA:67,2
DA:68,2
DA:69,2
DA:70,2
DA:71,2
DA:72,2
DA:73,2
DA:74,2
DA:75,2
DA:76,2
DA:77,2
DA:78,2
DA:79,2
DA:80,2
DA:81,2
DA:82,2
DA:83,2
DA:84,2
DA:85,2
DA:86,2
DA:87,2
DA:88,2
DA:89,2
DA:90,2
DA:91,2
DA:92,2
DA:93,2
DA:94,2
DA:95,2
DA:96,2
DA:97,2
DA:98,2
DA:99,2
DA:100,2
DA:101,2
DA:102,2
DA:103,2
DA:104,2
DA:105,2
DA:106,2
DA:107,2
DA:108,2
DA:109,2
DA:110,2
DA:111,2
DA:112,2
DA:113,2
DA:114,2
DA:115,2
DA:116,2
DA:117,2
DA:118,2
DA:119,2
DA:120,2
DA:121,2
DA:122,2
DA:123,2
DA:124,2
DA:125,2
DA:126,2
DA:127,2
DA:128,2
DA:129,2
DA:130,2
DA:131,2
DA:132,2
DA:133,2
DA:134,2
DA:135,2
DA:136,2
DA:137,2
DA:138,2
DA:139,2
DA:140,2
DA:141,2
DA:142,2
DA:143,2
DA:144,2
DA:145,2
DA:146,2
DA:147,2
DA:148,2
DA:149,2
DA:150,2
DA:151,2
DA:152,2
DA:153,2
DA:154,2
DA:155,2
DA:156,2
DA:157,2
DA:158,2
DA:159,2
DA:160,2
DA:161,2
DA:162,2
DA:163,2
DA:164,2
DA:165,2
DA:166,2
DA:167,2
DA:168,2
DA:169,2
DA:170,2
DA:171,2
DA:172,2
DA:173,2
DA:174,2
DA:175,2
DA:176,2
DA:177,2
DA:178,2
DA:179,2
DA:180,2
DA:181,2
DA:182,2
DA:183,2
DA:184,2
DA:185,2
DA:186,2
DA:187,2
DA:188,2
DA:189,2
DA:190,2
DA:191,2
DA:192,2
DA:193,2
DA:194,2
DA:195,2
DA:196,2
DA:197,2
DA:198,2
DA:199,2
DA:200,2
DA:201,2
DA:202,2
DA:203,2
DA:204,2
DA:205,2
DA:206,2
DA:207,2
DA:208,2
DA:209,2
DA:210,2
DA:211,2
DA:212,2
DA:213,2
DA:214,2
DA:215,2
DA:216,2
DA:217,2
DA:218,2
DA:219,2
DA:220,2
DA:221,2
DA:222,2
DA:223,2
DA:224,2
DA:225,2
DA:226,2
DA:227,2
DA:228,2
DA:229,2
DA:230,2
DA:231,2
DA:232,2
DA:233,2
DA:234,2
DA:235,2
DA:236,2
DA:237,2
DA:238,2
DA:239,2
DA:240,2
DA:241,2
DA:242,2
DA:243,2
DA:244,2
DA:245,2
DA:246,2
DA:247,2
DA:248,2
DA:249,2
DA:250,2
DA:251,2
DA:252,2
DA:253,2
DA:254,2
DA:255,2
DA:256,2
DA:257,2
DA:258,2
DA:259,2
DA:260,2
DA:261,2
DA:262,2
DA:263,2
DA:264,2
DA:265,2
DA:266,2
DA:267,2
DA:268,2
DA:269,2
DA:270,2
DA:271,2
DA:272,2
DA:273,2
DA:274,2
DA:275,2
DA:276,2
DA:277,2
DA:278,2
DA:279,2
DA:280,2
DA:281,2
DA:282,2
DA:283,2
DA:284,28
DA:285,25
DA:286,28
DA:287,2
DA:288,2
DA:289,16
DA:290,13
DA:291,16
DA:292,2
DA:293,2
DA:294,9
DA:295,9
DA:296,5
DA:297,9
DA:298,3
DA:299,9
DA:300,1
DA:301,9
DA:302,9
DA:303,2
DA:304,2
DA:305,10
DA:306,10
DA:307,3
DA:308,10
DA:309,3
DA:310,10
DA:311,3
DA:312,10
DA:313,1
DA:314,10
DA:315,10
DA:316,2
DA:317,2
DA:318,9
DA:319,9
DA:320,9
DA:321,2
DA:322,2
DA:323,10
DA:324,10
DA:325,10
DA:326,2
DA:327,2
DA:328,1
DA:329,1
DA:330,1
DA:331,2
DA:332,2
DA:333,1
DA:334,1
DA:335,1
DA:336,1
DA:337,1
DA:338,1
DA:339,1
DA:340,2
DA:341,2
DA:342,1
DA:343,1
DA:344,1
DA:345,1
DA:346,1
DA:347,1
DA:348,1
DA:349,1
DA:350,1
DA:351,1
DA:352,2
DA:353,2
DA:354,1
DA:355,1
DA:356,1
DA:357,1
DA:358,2
DA:359,2
DA:360,1
DA:361,1
DA:362,1
DA:363,1
DA:364,1
DA:365,1
DA:366,1
DA:367,1
DA:368,2
DA:369,2
DA:370,1
DA:371,1
DA:372,1
DA:373,1
DA:374,1
DA:375,1
DA:376,1
DA:377,1
DA:378,2
DA:379,2
DA:380,1
DA:381,1
DA:382,1
DA:383,1
DA:384,1
DA:385,1
DA:386,1
DA:387,1
DA:388,2
DA:389,2
DA:390,7
DA:391,2
DA:392,2
DA:393,5
DA:394,5
DA:395,5
DA:396,5
DA:397,7
DA:398,2
DA:399,2
DA:400,3
DA:401,1
DA:402,1
DA:403,1
DA:404,1
DA:405,1
DA:406,1
DA:407,1
DA:408,2
DA:409,2
DA:410,2
DA:411,2
DA:412,2
DA:413,2
DA:414,2
DA:415,2
DA:416,2
DA:417,2
DA:418,2
DA:419,2
DA:420,2
DA:421,2
DA:422,2
DA:423,2
DA:424,2
DA:425,2
DA:426,2
DA:427,2
DA:428,6
DA:429,6
DA:430,6
DA:431,6
DA:432,6
DA:433,6
DA:434,6
DA:435,6
DA:436,6
DA:437,6
DA:438,6
DA:439,6
DA:440,6
DA:441,6
DA:442,6
DA:443,6
DA:444,6
DA:445,6
DA:446,6
DA:447,6
DA:448,6
DA:449,6
DA:450,6
DA:451,6
DA:452,6
DA:453,6
DA:454,6
DA:455,6
DA:456,6
DA:457,6
DA:458,6
DA:459,6
DA:460,6
DA:461,6
DA:462,6
DA:463,6
DA:464,6
DA:465,6
DA:466,6
DA:467,6
DA:468,6
DA:469,6
DA:470,6
DA:471,6
DA:472,6
DA:473,6
DA:474,6
DA:475,6
DA:476,6
DA:477,6
DA:478,6
DA:479,6
DA:480,6
DA:481,6
DA:482,6
DA:483,6
DA:484,6
DA:485,6
DA:486,6
DA:487,6
DA:488,6
DA:489,6
DA:490,6
DA:491,6
DA:492,6
DA:493,6
DA:494,6
DA:495,6
DA:496,6
DA:497,6
DA:498,6
DA:499,6
DA:500,6
DA:501,6
DA:502,6
DA:503,6
DA:504,6
DA:505,6
DA:506,2
DA:507,2
DA:508,2
DA:509,2
DA:510,2
DA:511,2
DA:512,2
DA:513,3
DA:514,3
DA:515,3
DA:516,3
DA:517,3
DA:518,3
DA:519,3
DA:520,3
DA:521,3
DA:522,3
DA:523,3
DA:524,3
DA:525,3
DA:526,3
DA:527,3
DA:528,3
DA:529,3
DA:530,1
DA:531,1
DA:532,1
DA:533,1
DA:534,1
DA:535,1
DA:536,1
DA:537,3
DA:538,3
DA:539,3
DA:540,3
DA:541,3
DA:542,3
DA:543,2
DA:544,2
DA:545,2
LF:545
LH:545
BRDA:1,0,0,2
BRDA:7,1,0,3
BRDA:19,2,0,21
BRDA:30,3,0,2
BRDA:283,4,0,29
BRDA:284,5,0,4
BRDA:285,6,0,26
BRDA:288,7,0,17
BRDA:289,8,0,4
BRDA:290,9,0,14
BRDA:293,10,0,10
BRDA:295,11,0,6
BRDA:297,12,0,4
BRDA:299,13,0,2
BRDA:304,14,0,11
BRDA:306,15,0,4
BRDA:308,16,0,4
BRDA:310,17,0,4
BRDA:312,18,0,2
BRDA:317,19,0,10
BRDA:319,20,0,1
BRDA:322,21,0,11
BRDA:324,22,0,1
BRDA:327,23,0,2
BRDA:332,24,0,2
BRDA:341,25,0,2
BRDA:353,26,0,2
BRDA:359,27,0,2
BRDA:369,28,0,2
BRDA:379,29,0,2
BRDA:389,30,0,8
BRDA:390,31,0,7
BRDA:390,32,0,3
BRDA:393,33,0,6
BRDA:399,34,0,4
BRDA:400,35,0,2
BRDA:408,36,0,3
BRDA:513,37,0,1
BRDA:529,38,0,2
BRDA:537,39,0,2
BRDA:427,40,0,7
BRDA:431,41,0,1
BRDA:434,42,0,1
BRDA:439,43,0,1
BRDA:441,44,0,1
BRDA:463,45,0,1
BRDA:465,46,0,1
BRDA:473,47,0,1
BRDA:483,48,0,1
BRF:49
BRH:49
end_of_record
TN:
SF:src/components/loading-spinner.js
FN:4,get properties
FN:13,LoadingSpinner
FN:21,get styles
FN:111,render
FNF:4
FNH:4
FNDA:9,get properties
FNDA:13,LoadingSpinner
FNDA:9,get styles
FNDA:18,render
DA:1,9
DA:2,9
DA:3,9
DA:4,9
DA:5,9
DA:6,9
DA:7,9
DA:8,9
DA:9,9
DA:10,9
DA:11,9
DA:12,9
DA:13,9
DA:14,13
DA:15,13
DA:16,13
DA:17,13
DA:18,13
DA:19,13
DA:20,9
DA:21,9
DA:22,9
DA:23,9
DA:24,9
DA:25,9
DA:26,9
DA:27,9
DA:28,9
DA:29,9
DA:30,9
DA:31,9
DA:32,9
DA:33,9
DA:34,9
DA:35,9
DA:36,9
DA:37,9
DA:38,9
DA:39,9
DA:40,9
DA:41,9
DA:42,9
DA:43,9
DA:44,9
DA:45,9
DA:46,9
DA:47,9
DA:48,9
DA:49,9
DA:50,9
DA:51,9
DA:52,9
DA:53,9
DA:54,9
DA:55,9
DA:56,9
DA:57,9
DA:58,9
DA:59,9
DA:60,9
DA:61,9
DA:62,9
DA:63,9
DA:64,9
DA:65,9
DA:66,9
DA:67,9
DA:68,9
DA:69,9
DA:70,9
DA:71,9
DA:72,9
DA:73,9
DA:74,9
DA:75,9
DA:76,9
DA:77,9
DA:78,9
DA:79,9
DA:80,9
DA:81,9
DA:82,9
DA:83,9
DA:84,9
DA:85,9
DA:86,9
DA:87,9
DA:88,9
DA:89,9
DA:90,9
DA:91,9
DA:92,9
DA:93,9
DA:94,9
DA:95,9
DA:96,9
DA:97,9
DA:98,9
DA:99,9
DA:100,9
DA:101,9
DA:102,9
DA:103,9
DA:104,9
DA:105,9
DA:106,9
DA:107,9
DA:108,9
DA:109,9
DA:110,9
DA:111,9
DA:112,18
DA:113,18
DA:114,18
DA:115,18
DA:116,18
DA:117,18
DA:118,18
DA:119,18
DA:120,18
DA:121,18
DA:122,18
DA:123,18
DA:124,9
DA:125,9
DA:126,9
LF:126
LH:126
BRDA:1,0,0,9
BRDA:4,1,0,9
BRDA:13,2,0,19
BRDA:21,3,0,9
BRDA:111,4,0,24
BRDA:112,5,0,7
BRDA:120,6,0,7
BRDA:112,7,0,23
BRDA:120,8,0,23
BRF:9
BRH:9
end_of_record
TN:
SF:src/components/modal.js
FN:6,get properties
FN:18,Modal
FN:29,get styles
FN:216,openModal
FN:227,closeModal
FN:238,_handleBackdropClick
FN:244,_handleCloseClick
FN:248,_handleKeydown
FN:254,connectedCallback
FN:259,disconnectedCallback
FN:265,render
FNF:11
FNH:11
FNDA:8,get properties
FNDA:37,Modal
FNDA:8,get styles
FNDA:2,openModal
FNDA:9,closeModal
FNDA:2,_handleBackdropClick
FNDA:1,_handleCloseClick
FNDA:15,_handleKeydown
FNDA:37,connectedCallback
FNDA:37,disconnectedCallback
FNDA:63,render
DA:1,8
DA:2,8
DA:3,8
DA:4,8
DA:5,8
DA:6,8
DA:7,8
DA:8,8
DA:9,8
DA:10,8
DA:11,8
DA:12,8
DA:13,8
DA:14,8
DA:15,8
DA:16,8
DA:17,8
DA:18,8
DA:19,37
DA:20,37
DA:21,37
DA:22,37
DA:23,37
DA:24,37
DA:25,37
DA:26,37
DA:27,37
DA:28,8
DA:29,8
DA:30,8
DA:31,8
DA:32,8
DA:33,8
DA:34,8
DA:35,8
DA:36,8
DA:37,8
DA:38,8
DA:39,8
DA:40,8
DA:41,8
DA:42,8
DA:43,8
DA:44,8
DA:45,8
DA:46,8
DA:47,8
DA:48,8
DA:49,8
DA:50,8
DA:51,8
DA:52,8
DA:53,8
DA:54,8
DA:55,8
DA:56,8
DA:57,8
DA:58,8
DA:59,8
DA:60,8
DA:61,8
DA:62,8
DA:63,8
DA:64,8
DA:65,8
DA:66,8
DA:67,8
DA:68,8
DA:69,8
DA:70,8
DA:71,8
DA:72,8
DA:73,8
DA:74,8
DA:75,8
DA:76,8
DA:77,8
DA:78,8
DA:79,8
DA:80,8
DA:81,8
DA:82,8
DA:83,8
DA:84,8
DA:85,8
DA:86,8
DA:87,8
DA:88,8
DA:89,8
DA:90,8
DA:91,8
DA:92,8
DA:93,8
DA:94,8
DA:95,8
DA:96,8
DA:97,8
DA:98,8
DA:99,8
DA:100,8
DA:101,8
DA:102,8
DA:103,8
DA:104,8
DA:105,8
DA:106,8
DA:107,8
DA:108,8
DA:109,8
DA:110,8
DA:111,8
DA:112,8
DA:113,8
DA:114,8
DA:115,8
DA:116,8
DA:117,8
DA:118,8
DA:119,8
DA:120,8
DA:121,8
DA:122,8
DA:123,8
DA:124,8
DA:125,8
DA:126,8
DA:127,8
DA:128,8
DA:129,8
DA:130,8
DA:131,8
DA:132,8
DA:133,8
DA:134,8
DA:135,8
DA:136,8
DA:137,8
DA:138,8
DA:139,8
DA:140,8
DA:141,8
DA:142,8
DA:143,8
DA:144,8
DA:145,8
DA:146,8
DA:147,8
DA:148,8
DA:149,8
DA:150,8
DA:151,8
DA:152,8
DA:153,8
DA:154,8
DA:155,8
DA:156,8
DA:157,8
DA:158,8
DA:159,8
DA:160,8
DA:161,8
DA:162,8
DA:163,8
DA:164,8
DA:165,8
DA:166,8
DA:167,8
DA:168,8
DA:169,8
DA:170,8
DA:171,8
DA:172,8
DA:173,8
DA:174,8
DA:175,8
DA:176,8
DA:177,8
DA:178,8
DA:179,8
DA:180,8
DA:181,8
DA:182,8
DA:183,8
DA:184,8
DA:185,8
DA:186,8
DA:187,8
DA:188,8
DA:189,8
DA:190,8
DA:191,8
DA:192,8
DA:193,8
DA:194,8
DA:195,8
DA:196,8
DA:197,8
DA:198,8
DA:199,8
DA:200,8
DA:201,8
DA:202,8
DA:203,8
DA:204,8
DA:205,8
DA:206,8
DA:207,8
DA:208,8
DA:209,8
DA:210,8
DA:211,8
DA:212,8
DA:213,8
DA:214,8
DA:215,8
DA:216,8
DA:217,2
DA:218,2
DA:219,2
DA:220,2
DA:221,2
DA:222,2
DA:223,2
DA:224,2
DA:225,2
DA:226,8
DA:227,8
DA:228,9
DA:229,9
DA:230,9
DA:231,9
DA:232,9
DA:233,9
DA:234,9
DA:235,9
DA:236,9
DA:237,8
DA:238,8
DA:239,2
DA:240,1
DA:241,1
DA:242,2
DA:243,8
DA:244,8
DA:245,1
DA:246,1
DA:247,8
DA:248,8
DA:249,15
DA:250,4
DA:251,4
DA:252,15
DA:253,8
DA:254,8
DA:255,37
DA:256,37
DA:257,37
DA:258,8
DA:259,8
DA:260,37
DA:261,37
DA:262,37
DA:263,37
DA:264,8
DA:265,8
DA:266,63
DA:267,63
DA:268,63
DA:269,63
DA:270,63
DA:271,63
DA:272,63
DA:273,63
DA:274,6
DA:275,6
DA:276,6
DA:277,6
DA:278,63
DA:279,63
DA:280,63
DA:281,63
DA:282,63
DA:283,63
DA:284,63
DA:285,61
DA:286,61
DA:287,61
DA:288,61
DA:289,61
DA:290,61
DA:291,61
DA:292,61
DA:293,63
DA:294,63
DA:295,63
DA:296,63
DA:297,63
DA:298,63
DA:299,63
DA:300,63
DA:301,63
DA:302,63
DA:303,63
DA:304,60
DA:305,60
DA:306,60
DA:307,60
DA:308,63
DA:309,63
DA:310,63
DA:311,63
DA:312,63
DA:313,8
DA:314,8
DA:315,8
LF:315
LH:315
BRDA:1,0,0,8
BRDA:6,1,0,8
BRDA:18,2,0,43
BRDA:29,3,0,8
BRDA:216,4,0,8
BRDA:227,5,0,15
BRDA:254,6,0,43
BRDA:259,7,0,43
BRDA:265,8,0,69
BRDA:273,9,0,12
BRDA:278,10,0,63
BRDA:279,11,0,64
BRDA:293,12,0,8
BRDA:296,13,0,6
BRDA:308,14,0,9
BRDA:238,15,0,9
BRDA:239,16,0,8
BRDA:239,17,0,8
BRDA:244,18,0,8
BRDA:248,19,0,22
BRDA:249,20,0,11
BRDA:284,21,0,67
BRDA:303,22,0,66
BRDA:270,23,0,30
BRF:24
BRH:24
end_of_record
TN:
SF:src/components/pagination.js
FN:5,get properties
FN:14,Pagination
FN:22,get styles
FN:165,get totalPages
FN:169,get startItem
FN:173,get endItem
FN:178,_getVisiblePages
FN:198,_handlePageChange
FN:210,_handleItemsPerPageChange
FN:221,_renderPageButton
FN:235,render
FNF:11
FNH:11
FNDA:4,get properties
FNDA:12,Pagination
FNDA:4,get styles
FNDA:12,get totalPages
FNDA:4,get startItem
FNDA:4,get endItem
FNDA:5,_getVisiblePages
FNDA:4,_handlePageChange
FNDA:1,_handleItemsPerPageChange
FNDA:6,_renderPageButton
FNDA:2,render
DA:1,4
DA:2,4
DA:3,4
DA:4,4
DA:5,4
DA:6,4
DA:7,4
DA:8,4
DA:9,4
DA:10,4
DA:11,4
DA:12,4
DA:13,4
DA:14,4
DA:15,12
DA:16,12
DA:17,12
DA:18,12
DA:19,12
DA:20,12
DA:21,4
DA:22,4
DA:23,4
DA:24,4
DA:25,4
DA:26,4
DA:27,4
DA:28,4
DA:29,4
DA:30,4
DA:31,4
DA:32,4
DA:33,4
DA:34,4
DA:35,4
DA:36,4
DA:37,4
DA:38,4
DA:39,4
DA:40,4
DA:41,4
DA:42,4
DA:43,4
DA:44,4
DA:45,4
DA:46,4
DA:47,4
DA:48,4
DA:49,4
DA:50,4
DA:51,4
DA:52,4
DA:53,4
DA:54,4
DA:55,4
DA:56,4
DA:57,4
DA:58,4
DA:59,4
DA:60,4
DA:61,4
DA:62,4
DA:63,4
DA:64,4
DA:65,4
DA:66,4
DA:67,4
DA:68,4
DA:69,4
DA:70,4
DA:71,4
DA:72,4
DA:73,4
DA:74,4
DA:75,4
DA:76,4
DA:77,4
DA:78,4
DA:79,4
DA:80,4
DA:81,4
DA:82,4
DA:83,4
DA:84,4
DA:85,4
DA:86,4
DA:87,4
DA:88,4
DA:89,4
DA:90,4
DA:91,4
DA:92,4
DA:93,4
DA:94,4
DA:95,4
DA:96,4
DA:97,4
DA:98,4
DA:99,4
DA:100,4
DA:101,4
DA:102,4
DA:103,4
DA:104,4
DA:105,4
DA:106,4
DA:107,4
DA:108,4
DA:109,4
DA:110,4
DA:111,4
DA:112,4
DA:113,4
DA:114,4
DA:115,4
DA:116,4
DA:117,4
DA:118,4
DA:119,4
DA:120,4
DA:121,4
DA:122,4
DA:123,4
DA:124,4
DA:125,4
DA:126,4
DA:127,4
DA:128,4
DA:129,4
DA:130,4
DA:131,4
DA:132,4
DA:133,4
DA:134,4
DA:135,4
DA:136,4
DA:137,4
DA:138,4
DA:139,4
DA:140,4
DA:141,4
DA:142,4
DA:143,4
DA:144,4
DA:145,4
DA:146,4
DA:147,4
DA:148,4
DA:149,4
DA:150,4
DA:151,4
DA:152,4
DA:153,4
DA:154,4
DA:155,4
DA:156,4
DA:157,4
DA:158,4
DA:159,4
DA:160,4
DA:161,4
DA:162,4
DA:163,4
DA:164,4
DA:165,4
DA:166,12
DA:167,12
DA:168,4
DA:169,4
DA:170,4
DA:171,4
DA:172,4
DA:173,4
DA:174,4
DA:175,4
DA:176,4
DA:177,4
DA:178,4
DA:179,5
DA:180,5
DA:181,5
DA:182,5
DA:183,5
DA:184,1
DA:185,1
DA:186,4
DA:187,4
DA:188,4
DA:189,4
DA:190,4
DA:191,5
DA:192,1
DA:193,1
DA:194,4
DA:195,4
DA:196,5
DA:197,4
DA:198,4
DA:199,4
DA:200,1
DA:201,1
DA:202,1
DA:203,1
DA:204,1
DA:205,1
DA:206,1
DA:207,1
DA:208,4
DA:209,4
DA:210,4
DA:211,1
DA:212,1
DA:213,1
DA:214,1
DA:215,1
DA:216,1
DA:217,1
DA:218,1
DA:219,1
DA:220,4
DA:221,4
DA:222,6
DA:223,6
DA:224,6
DA:225,6
DA:226,6
DA:227,6
DA:228,6
DA:229,6
DA:230,6
DA:231,6
DA:232,6
DA:233,6
DA:234,4
DA:235,4
DA:236,2
DA:237,1
DA:238,1
DA:239,1
DA:240,1
DA:241,1
DA:242,1
DA:243,1
DA:244,1
DA:245,1
DA:246,1
DA:247,1
DA:248,1
DA:249,1
DA:250,1
DA:251,1
DA:252,1
DA:253,1
DA:254,1
DA:255,1
DA:256,1
DA:257,1
DA:258,1
DA:259,1
DA:260,1
DA:261,1
DA:262,1
DA:263,1
DA:264,1
DA:265,2
DA:266,2
DA:267,2
DA:268,2
DA:269,2
DA:270,2
DA:271,2
DA:272,2
DA:273,2
DA:274,2
DA:275,2
DA:276,2
DA:277,2
DA:278,2
DA:279,2
DA:280,2
DA:281,2
DA:282,2
DA:283,2
DA:284,2
DA:285,2
DA:286,2
DA:287,2
DA:288,2
DA:289,2
DA:290,2
DA:291,2
DA:292,2
DA:293,2
DA:294,2
DA:295,2
DA:296,2
DA:297,2
DA:298,2
DA:299,2
DA:300,2
DA:301,2
DA:302,2
DA:303,2
DA:304,4
DA:305,4
DA:306,4
LF:306
LH:306
BRDA:1,0,0,4
BRDA:5,1,0,4
BRDA:22,2,0,4
BRDA:14,3,0,15
BRDA:165,4,0,15
BRDA:169,5,0,7
BRDA:173,6,0,7
BRDA:178,7,0,8
BRDA:183,8,0,4
BRDA:186,9,0,7
BRDA:191,10,0,4
BRDA:194,11,0,7
BRDA:184,12,0,6
BRDA:195,13,0,23
BRDA:198,14,0,7
BRDA:199,15,0,6
BRDA:199,16,0,5
BRDA:199,17,0,4
BRDA:210,18,0,4
BRDA:221,19,0,9
BRDA:227,20,0,4
BRDA:227,21,0,8
BRDA:235,22,0,5
BRDA:236,23,0,4
BRDA:265,24,0,3
BRDA:265,25,0,4
BRDA:267,26,0,3
BRDA:268,27,0,4
BRDA:271,28,0,4
BRDA:272,29,0,3
BRDA:274,30,0,4
BRDA:275,31,0,3
BRDA:269,32,0,8
BRF:33
BRH:33
end_of_record
TN:
SF:src/components/toast-manager.js
FN:5,get properties
FN:11,ToastManager
FN:17,get styles
FN:45,addToast
FN:61,removeToast
FN:66,_handleToastClose
FN:71,success
FN:75,error
FN:79,warning
FN:83,info
FN:87,render
FNF:11
FNH:11
FNDA:1,get properties
FNDA:9,ToastManager
FNDA:1,get styles
FNDA:8,addToast
FNDA:1,removeToast
FNDA:1,_handleToastClose
FNDA:1,success
FNDA:1,error
FNDA:1,warning
FNDA:1,info
FNDA:18,render
DA:1,1
DA:2,1
DA:3,1
DA:4,1
DA:5,1
DA:6,1
DA:7,1
DA:8,1
DA:9,1
DA:10,1
DA:11,1
DA:12,9
DA:13,9
DA:14,9
DA:15,9
DA:16,1
DA:17,1
DA:18,1
DA:19,1
DA:20,1
DA:21,1
DA:22,1
DA:23,1
DA:24,1
DA:25,1
DA:26,1
DA:27,1
DA:28,1
DA:29,1
DA:30,1
DA:31,1
DA:32,1
DA:33,1
DA:34,1
DA:35,1
DA:36,1
DA:37,1
DA:38,1
DA:39,1
DA:40,1
DA:41,1
DA:42,1
DA:43,1
DA:44,1
DA:45,1
DA:46,8
DA:47,8
DA:48,8
DA:49,8
DA:50,8
DA:51,8
DA:52,8
DA:53,8
DA:54,8
DA:55,8
DA:56,8
DA:57,8
DA:58,8
DA:59,8
DA:60,1
DA:61,1
DA:62,1
DA:63,1
DA:64,1
DA:65,1
DA:66,1
DA:67,1
DA:68,1
DA:69,1
DA:70,1
DA:71,1
DA:72,1
DA:73,1
DA:74,1
DA:75,1
DA:76,1
DA:77,1
DA:78,1
DA:79,1
DA:80,1
DA:81,1
DA:82,1
DA:83,1
DA:84,1
DA:85,1
DA:86,1
DA:87,1
DA:88,18
DA:89,18
DA:90,18
DA:91,10
DA:92,10
DA:93,10
DA:94,10
DA:95,10
DA:96,10
DA:97,10
DA:98,10
DA:99,10
DA:100,1
DA:101,1
DA:102,10
DA:103,10
DA:104,10
DA:105,18
DA:106,18
DA:107,18
DA:108,1
DA:109,1
DA:110,1
LF:110
LH:110
BRDA:1,0,0,1
BRDA:5,1,0,1
BRDA:11,2,0,9
BRDA:17,3,0,1
BRDA:45,4,0,8
BRDA:61,5,0,1
BRDA:62,6,0,2
BRDA:66,7,0,1
BRDA:71,8,0,1
BRDA:75,9,0,1
BRDA:79,10,0,1
BRDA:83,11,0,1
BRDA:87,12,0,18
BRDA:90,13,0,10
BRDA:99,14,0,1
BRDA:102,15,0,9
BRF:16
BRH:16
end_of_record
TN:
SF:src/components/toast.js
FN:4,get properties
FN:14,Toast
FN:24,get styles
FN:192,connectedCallback
FN:197,disconnectedCallback
FN:202,_show
FN:215,hide
FN:225,_clearTimer
FN:232,_handleClose
FN:236,_notifyClose
FN:246,_getIcon
FN:260,render
FNF:12
FNH:12
FNDA:2,get properties
FNDA:27,Toast
FNDA:2,get styles
FNDA:21,connectedCallback
FNDA:21,disconnectedCallback
FNDA:21,_show
FNDA:3,hide
FNDA:24,_clearTimer
FNDA:2,_handleClose
FNDA:1,_notifyClose
FNDA:55,_getIcon
FNDA:55,render
DA:1,2
DA:2,2
DA:3,2
DA:4,2
DA:5,2
DA:6,2
DA:7,2
DA:8,2
DA:9,2
DA:10,2
DA:11,2
DA:12,2
DA:13,2
DA:14,2
DA:15,27
DA:16,27
DA:17,27
DA:18,27
DA:19,27
DA:20,27
DA:21,27
DA:22,27
DA:23,2
DA:24,2
DA:25,2
DA:26,2
DA:27,2
DA:28,2
DA:29,2
DA:30,2
DA:31,2
DA:32,2
DA:33,2
DA:34,2
DA:35,2
DA:36,2
DA:37,2
DA:38,2
DA:39,2
DA:40,2
DA:41,2
DA:42,2
DA:43,2
DA:44,2
DA:45,2
DA:46,2
DA:47,2
DA:48,2
DA:49,2
DA:50,2
DA:51,2
DA:52,2
DA:53,2
DA:54,2
DA:55,2
DA:56,2
DA:57,2
DA:58,2
DA:59,2
DA:60,2
DA:61,2
DA:62,2
DA:63,2
DA:64,2
DA:65,2
DA:66,2
DA:67,2
DA:68,2
DA:69,2
DA:70,2
DA:71,2
DA:72,2
DA:73,2
DA:74,2
DA:75,2
DA:76,2
DA:77,2
DA:78,2
DA:79,2
DA:80,2
DA:81,2
DA:82,2
DA:83,2
DA:84,2
DA:85,2
DA:86,2
DA:87,2
DA:88,2
DA:89,2
DA:90,2
DA:91,2
DA:92,2
DA:93,2
DA:94,2
DA:95,2
DA:96,2
DA:97,2
DA:98,2
DA:99,2
DA:100,2
DA:101,2
DA:102,2
DA:103,2
DA:104,2
DA:105,2
DA:106,2
DA:107,2
DA:108,2
DA:109,2
DA:110,2
DA:111,2
DA:112,2
DA:113,2
DA:114,2
DA:115,2
DA:116,2
DA:117,2
DA:118,2
DA:119,2
DA:120,2
DA:121,2
DA:122,2
DA:123,2
DA:124,2
DA:125,2
DA:126,2
DA:127,2
DA:128,2
DA:129,2
DA:130,2
DA:131,2
DA:132,2
DA:133,2
DA:134,2
DA:135,2
DA:136,2
DA:137,2
DA:138,2
DA:139,2
DA:140,2
DA:141,2
DA:142,2
DA:143,2
DA:144,2
DA:145,2
DA:146,2
DA:147,2
DA:148,2
DA:149,2
DA:150,2
DA:151,2
DA:152,2
DA:153,2
DA:154,2
DA:155,2
DA:156,2
DA:157,2
DA:158,2
DA:159,2
DA:160,2
DA:161,2
DA:162,2
DA:163,2
DA:164,2
DA:165,2
DA:166,2
DA:167,2
DA:168,2
DA:169,2
DA:170,2
DA:171,2
DA:172,2
DA:173,2
DA:174,2
DA:175,2
DA:176,2
DA:177,2
DA:178,2
DA:179,2
DA:180,2
DA:181,2
DA:182,2
DA:183,2
DA:184,2
DA:185,2
DA:186,2
DA:187,2
DA:188,2
DA:189,2
DA:190,2
DA:191,2
DA:192,2
DA:193,21
DA:194,21
DA:195,21
DA:196,2
DA:197,2
DA:198,21
DA:199,21
DA:200,21
DA:201,2
DA:202,2
DA:203,21
DA:204,21
DA:205,21
DA:206,21
DA:207,21
DA:208,21
DA:209,21
DA:210,1
DA:211,21
DA:212,21
DA:213,21
DA:214,2
DA:215,2
DA:216,3
DA:217,3
DA:218,3
DA:219,3
DA:220,3
DA:221,1
DA:222,3
DA:223,3
DA:224,2
DA:225,2
DA:226,24
DA:227,21
DA:228,21
DA:229,21
DA:230,24
DA:231,2
DA:232,2
DA:233,2
DA:234,2
DA:235,2
DA:236,2
DA:237,1
DA:238,1
DA:239,1
DA:240,1
DA:241,1
DA:242,1
DA:243,1
DA:244,1
DA:245,2
DA:246,2
DA:247,55
DA:248,55
DA:249,4
DA:250,55
DA:251,4
DA:252,55
DA:253,4
DA:254,55
DA:255,55
DA:256,43
DA:257,55
DA:258,55
DA:259,2
DA:260,2
DA:261,55
DA:262,55
DA:263,55
DA:264,55
DA:265,55
DA:266,55
DA:267,55
DA:268,55
DA:269,55
DA:270,55
DA:271,55
DA:272,55
DA:273,55
DA:274,55
DA:275,55
DA:276,55
DA:277,55
DA:278,55
DA:279,55
DA:280,55
DA:281,55
DA:282,55
DA:283,55
DA:284,55
DA:285,55
DA:286,55
DA:287,2
DA:288,2
DA:289,2
LF:289
LH:289
BRDA:1,0,0,2
BRDA:4,1,0,2
BRDA:14,2,0,27
BRDA:24,3,0,2
BRDA:192,4,0,21
BRDA:197,5,0,21
BRDA:202,6,0,21
BRDA:203,7,0,21
BRDA:225,8,0,24
BRDA:246,9,0,55
BRDA:248,10,0,4
BRDA:250,11,0,4
BRDA:252,12,0,4
BRDA:260,13,0,55
BRDA:263,14,0,22
BRDA:263,15,0,33
BRDA:283,16,0,2
BRDA:209,17,0,4
BRDA:215,18,0,4
BRDA:220,19,0,2
BRDA:226,20,0,21
BRDA:232,21,0,3
BRDA:236,22,0,2
BRDA:254,23,0,43
BRDA:255,24,0,43
BRDA:283,25,0,53
BRF:26
BRH:26
end_of_record
TN:
SF:src/localization/localization-service.js
FN:5,LocalizationService
FN:15,_getInitialLanguage
FN:38,setLanguage
FN:60,getCurrentLanguage
FN:68,getAvailableLanguages
FN:78,getText
FN:112,getTextWithPlaceholders
FN:129,subscribe
FN:141,_notifySubscribers
FN:156,getLanguageName
FN:177,t
FNF:11
FNH:4
FNDA:7,LocalizationService
FNDA:7,_getInitialLanguage
FNDA:7,setLanguage
FNDA:0,getCurrentLanguage
FNDA:0,getAvailableLanguages
FNDA:0,getText
FNDA:0,getTextWithPlaceholders
FNDA:0,subscribe
FNDA:7,_notifySubscribers
FNDA:0,getLanguageName
FNDA:0,t
DA:1,7
DA:2,7
DA:3,7
DA:4,7
DA:5,7
DA:6,7
DA:7,7
DA:8,7
DA:9,7
DA:10,7
DA:11,7
DA:12,7
DA:13,7
DA:14,7
DA:15,7
DA:16,7
DA:17,7
DA:18,0
DA:19,0
DA:20,7
DA:21,7
DA:22,7
DA:23,0
DA:24,0
DA:25,7
DA:26,7
DA:27,7
DA:28,7
DA:29,7
DA:30,0
DA:31,0
DA:32,7
DA:33,7
DA:34,7
DA:35,7
DA:36,7
DA:37,7
DA:38,7
DA:39,7
DA:40,0
DA:41,0
DA:42,0
DA:43,0
DA:44,0
DA:45,0
DA:46,7
DA:47,7
DA:48,7
DA:49,7
DA:50,7
DA:51,7
DA:52,7
DA:53,7
DA:54,7
DA:55,7
DA:56,7
DA:57,7
DA:58,7
DA:59,7
DA:60,7
DA:61,0
DA:62,0
DA:63,7
DA:64,7
DA:65,7
DA:66,7
DA:67,7
DA:68,7
DA:69,0
DA:70,0
DA:71,7
DA:72,7
DA:73,7
DA:74,7
DA:75,7
DA:76,7
DA:77,7
DA:78,7
DA:79,0
DA:80,0
DA:81,0
DA:82,0
DA:83,0
DA:84,0
DA:85,0
DA:86,0
DA:87,0
DA:88,0
DA:89,0
DA:90,0
DA:91,0
DA:92,0
DA:93,0
DA:94,0
DA:95,0
DA:96,0
DA:97,0
DA:98,0
DA:99,0
DA:100,0
DA:101,0
DA:102,0
DA:103,0
DA:104,7
DA:105,7
DA:106,7
DA:107,7
DA:108,7
DA:109,7
DA:110,7
DA:111,7
DA:112,7
DA:113,0
DA:114,0
DA:115,0
DA:116,0
DA:117,0
DA:118,0
DA:119,0
DA:120,0
DA:121,0
DA:122,0
DA:123,7
DA:124,7
DA:125,7
DA:126,7
DA:127,7
DA:128,7
DA:129,7
DA:130,0
DA:131,0
DA:132,0
DA:133,0
DA:134,0
DA:135,0
DA:136,0
DA:137,0
DA:138,0
DA:139,0
DA:140,7
DA:141,7
DA:142,7
DA:143,0
DA:144,0
DA:145,0
DA:146,0
DA:147,0
DA:148,7
DA:149,7
DA:150,7
DA:151,7
DA:152,7
DA:153,7
DA:154,7
DA:155,7
DA:156,7
DA:157,0
DA:158,0
DA:159,0
DA:160,0
DA:161,0
DA:162,0
DA:163,0
DA:164,0
DA:165,0
DA:166,0
DA:167,0
DA:168,0
DA:169,0
DA:170,0
DA:171,0
DA:172,0
DA:173,7
DA:174,7
DA:175,7
DA:176,7
DA:177,7
DA:178,0
DA:179,0
DA:180,0
DA:181,0
DA:182,0
DA:183,7
DA:184,7
DA:185,7
LF:185
LH:98
BRDA:1,0,0,7
BRDA:5,1,0,7
BRDA:15,2,0,7
BRDA:17,3,0,0
BRDA:17,4,0,0
BRDA:22,5,0,0
BRDA:22,6,0,0
BRDA:30,7,0,0
BRDA:38,8,0,7
BRDA:39,9,0,0
BRDA:141,10,0,7
BRF:11
BRH:5
end_of_record
TN:
SF:src/localization/redux-localization.js
FN:6,ReduxLocalizationService
FN:11,_initializeFromStore
FN:28,_getInitialLanguage
FN:53,changeLanguage
FN:69,getCurrentLanguage
FN:74,t
FN:86,t
FN:89,changeLanguage
FN:92,getCurrentLanguage
FNF:9
FNH:4
FNDA:7,ReduxLocalizationService
FNDA:7,_initializeFromStore
FNDA:0,_getInitialLanguage
FNDA:0,changeLanguage
FNDA:118,getCurrentLanguage
FNDA:0,t
FNDA:0,t
FNDA:0,changeLanguage
FNDA:118,getCurrentLanguage
DA:1,7
DA:2,7
DA:3,7
DA:4,7
DA:5,7
DA:6,7
DA:7,7
DA:8,7
DA:9,7
DA:10,7
DA:11,7
DA:12,7
DA:13,7
DA:14,7
DA:15,7
DA:16,7
DA:17,7
DA:18,7
DA:19,7
DA:20,0
DA:21,0
DA:22,0
DA:23,0
DA:24,7
DA:25,7
DA:26,7
DA:27,7
DA:28,7
DA:29,0
DA:30,0
DA:31,0
DA:32,0
DA:33,0
DA:34,0
DA:35,0
DA:36,0
DA:37,0
DA:38,0
DA:39,0
DA:40,0
DA:41,0
DA:42,0
DA:43,0
DA:44,0
DA:45,0
DA:46,0
DA:47,0
DA:48,0
DA:49,0
DA:50,0
DA:51,0
DA:52,7
DA:53,7
DA:54,0
DA:55,0
DA:56,0
DA:57,0
DA:58,0
DA:59,0
DA:60,0
DA:61,0
DA:62,0
DA:63,0
DA:64,0
DA:65,0
DA:66,0
DA:67,0
DA:68,7
DA:69,7
DA:70,118
DA:71,118
DA:72,118
DA:73,7
DA:74,7
DA:75,0
DA:76,0
DA:77,0
DA:78,0
DA:79,0
DA:80,0
DA:81,0
DA:82,7
DA:83,7
DA:84,7
DA:85,7
DA:86,7
DA:87,7
DA:88,7
DA:89,7
DA:90,7
DA:91,7
DA:92,7
DA:93,7
LF:93
LH:45
BRDA:1,0,0,7
BRDA:6,1,0,7
BRDA:11,2,0,7
BRDA:12,3,0,0
BRDA:19,4,0,0
BRDA:69,5,0,118
BRDA:71,6,0,0
BRDA:92,7,0,118
BRF:8
BRH:5
end_of_record
TN:
SF:src/localization/redux-localized-mixin.js
FN:5,ReduxLocalizedMixin
FN:7,get properties
FN:19,stateChanged
FN:36,t
FN:44,getCurrentLanguage
FNF:5
FNH:3
FNDA:14,ReduxLocalizedMixin
FNDA:14,get properties
FNDA:7,stateChanged
FNDA:0,t
FNDA:0,getCurrentLanguage
DA:1,7
DA:2,7
DA:3,7
DA:4,7
DA:5,7
DA:6,14
DA:7,14
DA:8,14
DA:9,14
DA:10,14
DA:11,14
DA:12,14
DA:13,14
DA:14,14
DA:15,118
DA:16,118
DA:17,118
DA:18,14
DA:19,14
DA:20,7
DA:21,7
DA:22,7
DA:23,7
DA:24,7
DA:25,7
DA:26,0
DA:27,0
DA:28,7
DA:29,14
DA:30,14
DA:31,14
DA:32,14
DA:33,14
DA:34,14
DA:35,14
DA:36,14
DA:37,0
DA:38,0
DA:39,14
DA:40,14
DA:41,14
DA:42,14
DA:43,14
DA:44,14
DA:45,0
DA:46,0
DA:47,7
LF:47
LH:41
BRDA:1,0,0,7
BRDA:5,1,0,14
BRDA:7,2,0,14
BRDA:14,3,0,118
BRDA:19,4,0,13
BRDA:24,5,0,7
BRDA:25,6,0,6
BRF:7
BRH:7
end_of_record
TN:
SF:src/localization/languages/en.js
FNF:0
FNH:0
DA:1,7
DA:2,7
DA:3,7
DA:4,7
DA:5,7
DA:6,7
DA:7,7
DA:8,7
DA:9,7
DA:10,7
DA:11,7
DA:12,7
DA:13,7
DA:14,7
DA:15,7
DA:16,7
DA:17,7
DA:18,7
DA:19,7
DA:20,7
DA:21,7
DA:22,7
DA:23,7
DA:24,7
DA:25,7
DA:26,7
DA:27,7
DA:28,7
DA:29,7
DA:30,7
DA:31,7
DA:32,7
DA:33,7
DA:34,7
DA:35,7
DA:36,7
DA:37,7
DA:38,7
DA:39,7
DA:40,7
DA:41,7
DA:42,7
DA:43,7
DA:44,7
DA:45,7
DA:46,7
DA:47,7
DA:48,7
DA:49,7
DA:50,7
DA:51,7
DA:52,7
DA:53,7
DA:54,7
DA:55,7
DA:56,7
DA:57,7
DA:58,7
DA:59,7
DA:60,7
DA:61,7
DA:62,7
DA:63,7
DA:64,7
DA:65,7
DA:66,7
DA:67,7
DA:68,7
DA:69,7
DA:70,7
DA:71,7
DA:72,7
DA:73,7
DA:74,7
DA:75,7
DA:76,7
DA:77,7
DA:78,7
DA:79,7
DA:80,7
DA:81,7
DA:82,7
DA:83,7
DA:84,7
DA:85,7
DA:86,7
DA:87,7
DA:88,7
DA:89,7
DA:90,7
DA:91,7
DA:92,7
DA:93,7
DA:94,7
DA:95,7
DA:96,7
DA:97,7
DA:98,7
DA:99,7
DA:100,7
DA:101,7
DA:102,7
DA:103,7
DA:104,7
DA:105,7
DA:106,7
DA:107,7
DA:108,7
DA:109,7
DA:110,7
DA:111,7
DA:112,7
DA:113,7
DA:114,7
DA:115,7
DA:116,7
DA:117,7
DA:118,7
DA:119,7
DA:120,7
DA:121,7
DA:122,7
DA:123,7
DA:124,7
DA:125,7
DA:126,7
DA:127,7
DA:128,7
DA:129,7
DA:130,7
DA:131,7
DA:132,7
DA:133,7
DA:134,7
DA:135,7
DA:136,7
DA:137,7
DA:138,7
DA:139,7
DA:140,7
DA:141,7
DA:142,7
DA:143,7
DA:144,7
DA:145,7
DA:146,7
DA:147,7
DA:148,7
DA:149,7
DA:150,7
DA:151,7
LF:151
LH:151
BRDA:1,0,0,7
BRF:1
BRH:1
end_of_record
TN:
SF:src/localization/languages/tr.js
FNF:0
FNH:0
DA:1,7
DA:2,7
DA:3,7
DA:4,7
DA:5,7
DA:6,7
DA:7,7
DA:8,7
DA:9,7
DA:10,7
DA:11,7
DA:12,7
DA:13,7
DA:14,7
DA:15,7
DA:16,7
DA:17,7
DA:18,7
DA:19,7
DA:20,7
DA:21,7
DA:22,7
DA:23,7
DA:24,7
DA:25,7
DA:26,7
DA:27,7
DA:28,7
DA:29,7
DA:30,7
DA:31,7
DA:32,7
DA:33,7
DA:34,7
DA:35,7
DA:36,7
DA:37,7
DA:38,7
DA:39,7
DA:40,7
DA:41,7
DA:42,7
DA:43,7
DA:44,7
DA:45,7
DA:46,7
DA:47,7
DA:48,7
DA:49,7
DA:50,7
DA:51,7
DA:52,7
DA:53,7
DA:54,7
DA:55,7
DA:56,7
DA:57,7
DA:58,7
DA:59,7
DA:60,7
DA:61,7
DA:62,7
DA:63,7
DA:64,7
DA:65,7
DA:66,7
DA:67,7
DA:68,7
DA:69,7
DA:70,7
DA:71,7
DA:72,7
DA:73,7
DA:74,7
DA:75,7
DA:76,7
DA:77,7
DA:78,7
DA:79,7
DA:80,7
DA:81,7
DA:82,7
DA:83,7
DA:84,7
DA:85,7
DA:86,7
DA:87,7
DA:88,7
DA:89,7
DA:90,7
DA:91,7
DA:92,7
DA:93,7
DA:94,7
DA:95,7
DA:96,7
DA:97,7
DA:98,7
DA:99,7
DA:100,7
DA:101,7
DA:102,7
DA:103,7
DA:104,7
DA:105,7
DA:106,7
DA:107,7
DA:108,7
DA:109,7
DA:110,7
DA:111,7
DA:112,7
DA:113,7
DA:114,7
DA:115,7
DA:116,7
DA:117,7
DA:118,7
DA:119,7
DA:120,7
DA:121,7
DA:122,7
DA:123,7
DA:124,7
DA:125,7
DA:126,7
DA:127,7
DA:128,7
DA:129,7
DA:130,7
DA:131,7
DA:132,7
DA:133,7
DA:134,7
DA:135,7
DA:136,7
DA:137,7
DA:138,7
DA:139,7
DA:140,7
DA:141,7
DA:142,7
DA:143,7
DA:144,7
DA:145,7
DA:146,7
DA:147,7
DA:148,7
DA:149,7
DA:150,7
DA:151,7
DA:152,7
LF:152
LH:152
BRDA:1,0,0,7
BRF:1
BRH:1
end_of_record
TN:
SF:src/pages/create-employee-page.js
FN:6,get properties
FN:13,CreateEmployeePage
FN:19,stateChanged
FN:25,get styles
FN:62,_handleEmployeeCreate
FN:66,_handleFormCancel
FN:70,_showSuccessAndNavigate
FN:76,_navigateToEmployeeList
FN:81,render
FNF:9
FNH:9
FNDA:2,get properties
FNDA:11,CreateEmployeePage
FNDA:2,stateChanged
FNDA:1,get styles
FNDA:1,_handleEmployeeCreate
FNDA:2,_handleFormCancel
FNDA:2,_showSuccessAndNavigate
FNDA:2,_navigateToEmployeeList
FNDA:3,render
DA:1,1
DA:2,1
DA:3,1
DA:4,1
DA:5,1
DA:6,1
DA:7,2
DA:8,2
DA:9,2
DA:10,2
DA:11,2
DA:12,1
DA:13,1
DA:14,11
DA:15,11
DA:16,11
DA:17,11
DA:18,1
DA:19,1
DA:20,2
DA:21,2
DA:22,2
DA:23,2
DA:24,2
DA:25,1
DA:26,1
DA:27,1
DA:28,1
DA:29,1
DA:30,1
DA:31,1
DA:32,1
DA:33,1
DA:34,1
DA:35,1
DA:36,1
DA:37,1
DA:38,1
DA:39,1
DA:40,1
DA:41,1
DA:42,1
DA:43,1
DA:44,1
DA:45,1
DA:46,1
DA:47,1
DA:48,1
DA:49,1
DA:50,1
DA:51,1
DA:52,1
DA:53,1
DA:54,1
DA:55,1
DA:56,1
DA:57,1
DA:58,1
DA:59,1
DA:60,1
DA:61,1
DA:62,1
DA:63,1
DA:64,1
DA:65,1
DA:66,1
DA:67,2
DA:68,2
DA:69,1
DA:70,1
DA:71,2
DA:72,0
DA:73,2
DA:74,2
DA:75,1
DA:76,1
DA:77,2
DA:78,2
DA:79,2
DA:80,1
DA:81,1
DA:82,3
DA:83,3
DA:84,3
DA:85,1
DA:86,1
DA:87,1
DA:88,1
DA:89,3
DA:90,3
DA:91,3
DA:92,3
DA:93,3
DA:94,3
DA:95,3
DA:96,3
DA:97,3
DA:98,1
DA:99,1
DA:100,1
LF:100
LH:99
BRDA:1,0,0,1
BRDA:6,1,0,2
BRDA:13,2,0,11
BRDA:19,3,0,2
BRDA:25,4,0,1
BRDA:62,5,0,1
BRDA:66,6,0,2
BRDA:70,7,0,2
BRDA:76,8,0,2
BRDA:81,9,0,3
BRDA:84,10,0,1
BRDA:89,11,0,2
BRF:12
BRH:12
end_of_record
TN:
SF:src/pages/edit-employee-page.js
FN:6,get properties
FN:15,EditEmployeePage
FN:23,stateChanged
FN:41,get styles
FN:116,connectedCallback
FN:121,onBeforeEnter
FN:126,_extractEmployeeIdFromLocation
FN:136,_handleEmployeeUpdate
FN:140,_handleFormCancel
FN:144,_showSuccessAndNavigate
FN:150,_navigateToEmployeeList
FN:155,_navigateBack
FN:159,render
FNF:13
FNH:13
FNDA:2,get properties
FNDA:14,EditEmployeePage
FNDA:3,stateChanged
FNDA:1,get styles
FNDA:1,connectedCallback
FNDA:1,onBeforeEnter
FNDA:1,_extractEmployeeIdFromLocation
FNDA:2,_handleEmployeeUpdate
FNDA:1,_handleFormCancel
FNDA:3,_showSuccessAndNavigate
FNDA:3,_navigateToEmployeeList
FNDA:1,_navigateBack
FNDA:3,render
DA:1,1
DA:2,1
DA:3,1
DA:4,1
DA:5,1
DA:6,1
DA:7,2
DA:8,2
DA:9,2
DA:10,2
DA:11,2
DA:12,2
DA:13,2
DA:14,1
DA:15,1
DA:16,14
DA:17,14
DA:18,14
DA:19,14
DA:20,14
DA:21,14
DA:22,1
DA:23,1
DA:24,3
DA:25,3
DA:26,3
DA:27,3
DA:28,3
DA:29,3
DA:30,2
DA:31,2
DA:32,2
DA:33,2
DA:34,2
DA:35,2
DA:36,1
DA:37,1
DA:38,2
DA:39,3
DA:40,1
DA:41,1
DA:42,1
DA:43,1
DA:44,1
DA:45,1
DA:46,1
DA:47,1
DA:48,1
DA:49,1
DA:50,1
DA:51,1
DA:52,1
DA:53,1
DA:54,1
DA:55,1
DA:56,1
DA:57,1
DA:58,1
DA:59,1
DA:60,1
DA:61,1
DA:62,1
DA:63,1
DA:64,1
DA:65,1
DA:66,1
DA:67,1
DA:68,1
DA:69,1
DA:70,1
DA:71,1
DA:72,1
DA:73,1
DA:74,1
DA:75,1
DA:76,1
DA:77,1
DA:78,1
DA:79,1
DA:80,1
DA:81,1
DA:82,1
DA:83,1
DA:84,1
DA:85,1
DA:86,1
DA:87,1
DA:88,1
DA:89,1
DA:90,1
DA:91,1
DA:92,1
DA:93,1
DA:94,1
DA:95,1
DA:96,1
DA:97,1
DA:98,1
DA:99,1
DA:100,1
DA:101,1
DA:102,1
DA:103,1
DA:104,1
DA:105,1
DA:106,1
DA:107,1
DA:108,1
DA:109,1
DA:110,1
DA:111,1
DA:112,1
DA:113,1
DA:114,1
DA:115,1
DA:116,1
DA:117,1
DA:118,1
DA:119,1
DA:120,1
DA:121,1
DA:122,1
DA:123,1
DA:124,1
DA:125,1
DA:126,1
DA:127,1
DA:128,1
DA:129,1
DA:130,1
DA:131,0
DA:132,0
DA:133,1
DA:134,1
DA:135,1
DA:136,1
DA:137,2
DA:138,2
DA:139,1
DA:140,1
DA:141,1
DA:142,1
DA:143,1
DA:144,1
DA:145,3
DA:146,0
DA:147,3
DA:148,3
DA:149,1
DA:150,1
DA:151,3
DA:152,3
DA:153,3
DA:154,1
DA:155,1
DA:156,1
DA:157,1
DA:158,1
DA:159,1
DA:160,3
DA:161,1
DA:162,1
DA:163,1
DA:164,1
DA:165,1
DA:166,1
DA:167,1
DA:168,1
DA:169,1
DA:170,1
DA:171,2
DA:172,2
DA:173,2
DA:174,2
DA:175,2
DA:176,2
DA:177,2
DA:178,2
DA:179,2
DA:180,2
DA:181,2
DA:182,2
DA:183,2
DA:184,2
DA:185,2
DA:186,3
DA:187,0
DA:188,0
DA:189,0
DA:190,0
DA:191,3
DA:192,3
DA:193,3
DA:194,3
DA:195,3
DA:196,3
DA:197,3
DA:198,3
DA:199,3
DA:200,3
DA:201,3
DA:202,1
DA:203,1
DA:204,1
LF:204
LH:197
BRDA:1,0,0,1
BRDA:6,1,0,2
BRDA:15,2,0,14
BRDA:23,3,0,3
BRDA:29,4,0,2
BRDA:29,5,0,2
BRDA:33,6,0,1
BRDA:35,7,0,1
BRDA:35,8,0,1
BRDA:31,9,0,4
BRDA:41,10,0,1
BRDA:116,11,0,1
BRDA:121,12,0,1
BRDA:126,13,0,1
BRDA:130,14,0,0
BRDA:130,15,0,0
BRDA:136,16,0,2
BRDA:140,17,0,1
BRDA:144,18,0,3
BRDA:150,19,0,3
BRDA:155,20,0,1
BRDA:159,21,0,3
BRDA:160,22,0,1
BRDA:171,23,0,2
BRDA:186,24,0,0
BRDA:191,25,0,2
BRF:26
BRH:23
end_of_record
TN:
SF:src/pages/list-employee-page.js
FN:16,get properties
FN:26,ListEmployeePage
FN:35,stateChanged
FN:44,get styles
FN:148,_handleViewModeChange
FN:152,_handlePageChange
FN:157,_handleItemsPerPageChange
FN:162,_handleEmployeeDelete
FN:203,render
FNF:9
FNH:8
FNDA:2,get properties
FNDA:11,ListEmployeePage
FNDA:2,stateChanged
FNDA:1,get styles
FNDA:1,_handleViewModeChange
FNDA:1,_handlePageChange
FNDA:1,_handleItemsPerPageChange
FNDA:0,_handleEmployeeDelete
FNDA:4,render
DA:1,1
DA:2,1
DA:3,1
DA:4,1
DA:5,1
DA:6,1
DA:7,1
DA:8,1
DA:9,1
DA:10,1
DA:11,1
DA:12,1
DA:13,1
DA:14,1
DA:15,1
DA:16,1
DA:17,2
DA:18,2
DA:19,2
DA:20,2
DA:21,2
DA:22,2
DA:23,2
DA:24,2
DA:25,1
DA:26,1
DA:27,11
DA:28,11
DA:29,11
DA:30,11
DA:31,11
DA:32,11
DA:33,11
DA:34,1
DA:35,1
DA:36,2
DA:37,2
DA:38,2
DA:39,2
DA:40,2
DA:41,2
DA:42,2
DA:43,2
DA:44,1
DA:45,1
DA:46,1
DA:47,1
DA:48,1
DA:49,1
DA:50,1
DA:51,1
DA:52,1
DA:53,1
DA:54,1
DA:55,1
DA:56,1
DA:57,1
DA:58,1
DA:59,1
DA:60,1
DA:61,1
DA:62,1
DA:63,1
DA:64,1
DA:65,1
DA:66,1
DA:67,1
DA:68,1
DA:69,1
DA:70,1
DA:71,1
DA:72,1
DA:73,1
DA:74,1
DA:75,1
DA:76,1
DA:77,1
DA:78,1
DA:79,1
DA:80,1
DA:81,1
DA:82,1
DA:83,1
DA:84,1
DA:85,1
DA:86,1
DA:87,1
DA:88,1
DA:89,1
DA:90,1
DA:91,1
DA:92,1
DA:93,1
DA:94,1
DA:95,1
DA:96,1
DA:97,1
DA:98,1
DA:99,1
DA:100,1
DA:101,1
DA:102,1
DA:103,1
DA:104,1
DA:105,1
DA:106,1
DA:107,1
DA:108,1
DA:109,1
DA:110,1
DA:111,1
DA:112,1
DA:113,1
DA:114,1
DA:115,1
DA:116,1
DA:117,1
DA:118,1
DA:119,1
DA:120,1
DA:121,1
DA:122,1
DA:123,1
DA:124,1
DA:125,1
DA:126,1
DA:127,1
DA:128,1
DA:129,1
DA:130,1
DA:131,1
DA:132,1
DA:133,1
DA:134,1
DA:135,1
DA:136,1
DA:137,1
DA:138,1
DA:139,1
DA:140,1
DA:141,1
DA:142,1
DA:143,1
DA:144,1
DA:145,1
DA:146,1
DA:147,1
DA:148,1
DA:149,1
DA:150,1
DA:151,1
DA:152,1
DA:153,1
DA:154,1
DA:155,1
DA:156,1
DA:157,1
DA:158,1
DA:159,1
DA:160,1
DA:161,1
DA:162,1
DA:163,0
DA:164,0
DA:165,0
DA:166,0
DA:167,0
DA:168,0
DA:169,0
DA:170,0
DA:171,0
DA:172,0
DA:173,0
DA:174,0
DA:175,0
DA:176,0
DA:177,0
DA:178,0
DA:179,0
DA:180,0
DA:181,0
DA:182,0
DA:183,0
DA:184,0
DA:185,0
DA:186,0
DA:187,0
DA:188,0
DA:189,0
DA:190,0
DA:191,0
DA:192,0
DA:193,0
DA:194,0
DA:195,0
DA:196,0
DA:197,0
DA:198,0
DA:199,0
DA:200,0
DA:201,0
DA:202,1
DA:203,1
DA:204,4
DA:205,4
DA:206,4
DA:207,4
DA:208,4
DA:209,4
DA:210,4
DA:211,4
DA:212,4
DA:213,4
DA:214,4
DA:215,4
DA:216,4
DA:217,4
DA:218,4
DA:219,4
DA:220,4
DA:221,4
DA:222,4
DA:223,4
DA:224,4
DA:225,4
DA:226,4
DA:227,4
DA:228,1
DA:229,1
DA:230,1
DA:231,1
DA:232,1
DA:233,1
DA:234,4
DA:235,3
DA:236,1
DA:237,1
DA:238,1
DA:239,1
DA:240,1
DA:241,1
DA:242,3
DA:243,2
DA:244,1
DA:245,1
DA:246,1
DA:247,1
DA:248,1
DA:249,1
DA:250,1
DA:251,1
DA:252,1
DA:253,1
DA:254,2
DA:255,1
DA:256,1
DA:257,1
DA:258,1
DA:259,1
DA:260,1
DA:261,1
DA:262,1
DA:263,1
DA:264,4
DA:265,4
DA:266,4
DA:267,4
DA:268,1
DA:269,1
DA:270,1
LF:270
LH:231
BRDA:1,0,0,1
BRDA:16,1,0,2
BRDA:26,2,0,11
BRDA:35,3,0,2
BRDA:38,4,0,1
BRDA:39,5,0,1
BRDA:40,6,0,1
BRDA:41,7,0,1
BRDA:42,8,0,1
BRDA:44,9,0,1
BRDA:148,10,0,1
BRDA:152,11,0,1
BRDA:157,12,0,1
BRDA:203,13,0,4
BRDA:210,14,0,3
BRDA:210,15,0,1
BRDA:216,16,0,1
BRDA:216,17,0,3
BRDA:227,18,0,1
BRDA:234,19,0,3
BRDA:235,20,0,1
BRDA:242,21,0,2
BRDA:243,22,0,1
BRDA:254,23,0,1
BRF:24
BRH:24
end_of_record
TN:
SF:src/store/index.js
FN:15,middleware
FNF:1
FNH:1
FNDA:7,middleware
DA:1,7
DA:2,7
DA:3,7
DA:4,7
DA:5,7
DA:6,7
DA:7,7
DA:8,7
DA:9,7
DA:10,7
DA:11,7
DA:12,7
DA:13,7
DA:14,7
DA:15,7
DA:16,7
DA:17,7
DA:18,7
DA:19,7
DA:20,7
DA:21,7
DA:22,7
DA:23,7
DA:24,7
DA:25,7
DA:26,7
DA:27,7
LF:27
LH:27
BRDA:1,0,0,7
BRDA:15,1,0,7
BRF:2
BRH:2
end_of_record
TN:
SF:src/store/actions/employees.js
FN:13,addEmployee
FN:23,updateEmployee
FN:34,deleteEmployee
FN:39,setEmployees
FN:45,setLoading
FN:50,setError
FN:55,clearError
FN:59,addEmployeeAsync
FN:79,updateEmployeeAsync
FN:99,deleteEmployeeAsync
FNF:10
FNH:0
FNDA:0,addEmployee
FNDA:0,updateEmployee
FNDA:0,deleteEmployee
FNDA:0,setEmployees
FNDA:0,setLoading
FNDA:0,setError
FNDA:0,clearError
FNDA:0,addEmployeeAsync
FNDA:0,updateEmployeeAsync
FNDA:0,deleteEmployeeAsync
DA:1,4
DA:2,4
DA:3,4
DA:4,4
DA:5,4
DA:6,4
DA:7,4
DA:8,4
DA:9,4
DA:10,4
DA:11,4
DA:12,4
DA:13,4
DA:14,0
DA:15,0
DA:16,0
DA:17,0
DA:18,0
DA:19,0
DA:20,0
DA:21,4
DA:22,4
DA:23,4
DA:24,0
DA:25,0
DA:26,0
DA:27,0
DA:28,0
DA:29,0
DA:30,0
DA:31,0
DA:32,4
DA:33,4
DA:34,4
DA:35,0
DA:36,0
DA:37,4
DA:38,4
DA:39,4
DA:40,0
DA:41,0
DA:42,4
DA:43,4
DA:44,4
DA:45,4
DA:46,0
DA:47,0
DA:48,4
DA:49,4
DA:50,4
DA:51,0
DA:52,0
DA:53,4
DA:54,4
DA:55,4
DA:56,0
DA:57,4
DA:58,4
DA:59,4
DA:60,0
DA:61,0
DA:62,0
DA:63,0
DA:64,0
DA:65,0
DA:66,0
DA:67,0
DA:68,0
DA:69,0
DA:70,0
DA:71,0
DA:72,0
DA:73,0
DA:74,0
DA:75,0
DA:76,0
DA:77,4
DA:78,4
DA:79,4
DA:80,0
DA:81,0
DA:82,0
DA:83,0
DA:84,0
DA:85,0
DA:86,0
DA:87,0
DA:88,0
DA:89,0
DA:90,0
DA:91,0
DA:92,0
DA:93,0
DA:94,0
DA:95,0
DA:96,0
DA:97,4
DA:98,4
DA:99,4
DA:100,0
DA:101,0
DA:102,0
DA:103,0
DA:104,0
DA:105,0
DA:106,0
DA:107,0
DA:108,0
DA:109,0
DA:110,0
DA:111,0
DA:112,0
DA:113,0
DA:114,0
DA:115,0
DA:116,0
DA:117,4
LF:117
LH:42
BRDA:1,0,0,4
BRF:1
BRH:1
end_of_record
TN:
SF:src/store/actions/types.js
FNF:0
FNH:0
DA:1,7
DA:2,7
DA:3,7
DA:4,7
DA:5,7
DA:6,7
DA:7,7
DA:8,7
DA:9,7
DA:10,7
DA:11,7
DA:12,7
DA:13,7
DA:14,7
DA:15,7
DA:16,7
DA:17,7
DA:18,7
DA:19,7
DA:20,7
DA:21,7
DA:22,7
DA:23,7
LF:23
LH:23
BRDA:1,0,0,7
BRF:1
BRH:1
end_of_record
TN:
SF:src/store/actions/ui.js
FN:13,setViewMode
FN:18,setCurrentRoute
FN:23,setSearchFilter
FN:28,setDepartmentFilter
FN:33,setPositionFilter
FN:38,clearFilters
FN:42,setCurrentPage
FN:47,setItemsPerPage
FN:52,setLanguage
FNF:9
FNH:3
FNDA:1,setViewMode
FNDA:0,setCurrentRoute
FNDA:0,setSearchFilter
FNDA:0,setDepartmentFilter
FNDA:0,setPositionFilter
FNDA:0,clearFilters
FNDA:1,setCurrentPage
FNDA:1,setItemsPerPage
FNDA:0,setLanguage
DA:1,7
DA:2,7
DA:3,7
DA:4,7
DA:5,7
DA:6,7
DA:7,7
DA:8,7
DA:9,7
DA:10,7
DA:11,7
DA:12,7
DA:13,7
DA:14,1
DA:15,1
DA:16,7
DA:17,7
DA:18,7
DA:19,0
DA:20,0
DA:21,7
DA:22,7
DA:23,7
DA:24,0
DA:25,0
DA:26,7
DA:27,7
DA:28,7
DA:29,0
DA:30,0
DA:31,7
DA:32,7
DA:33,7
DA:34,0
DA:35,0
DA:36,7
DA:37,7
DA:38,7
DA:39,0
DA:40,7
DA:41,7
DA:42,7
DA:43,1
DA:44,1
DA:45,7
DA:46,7
DA:47,7
DA:48,1
DA:49,1
DA:50,7
DA:51,7
DA:52,7
DA:53,0
DA:54,0
DA:55,7
LF:55
LH:44
BRDA:1,0,0,7
BRDA:13,1,0,7
BRDA:42,2,0,7
BRDA:47,3,0,7
BRF:4
BRH:4
end_of_record
TN:
SF:src/store/middleware/localStorage.js
FN:2,localStorageMiddleware
FN:20,loadStateFromLocalStorage
FNF:2
FNH:2
FNDA:7,localStorageMiddleware
FNDA:7,loadStateFromLocalStorage
DA:1,7
DA:2,7
DA:3,3
DA:4,3
DA:5,3
DA:6,3
DA:7,3
DA:8,3
DA:9,3
DA:10,3
DA:11,3
DA:12,3
DA:13,3
DA:14,0
DA:15,0
DA:16,3
DA:17,3
DA:18,7
DA:19,7
DA:20,7
DA:21,7
DA:22,7
DA:23,7
DA:24,7
DA:25,7
DA:26,0
DA:27,0
DA:28,0
DA:29,0
DA:30,0
DA:31,7
LF:31
LH:24
BRDA:1,0,0,7
BRDA:2,1,0,7
BRDA:2,2,0,7
BRDA:20,3,0,7
BRDA:26,4,0,0
BRDA:2,5,0,7
BRDA:13,6,0,6
BRF:7
BRH:6
end_of_record
TN:
SF:src/store/reducers/employees.js
FN:17,employeesReducer
FNF:1
FNH:1
FNDA:24,employeesReducer
DA:1,7
DA:2,7
DA:3,7
DA:4,7
DA:5,7
DA:6,7
DA:7,7
DA:8,7
DA:9,7
DA:10,7
DA:11,7
DA:12,7
DA:13,7
DA:14,7
DA:15,7
DA:16,7
DA:17,7
DA:18,24
DA:19,24
DA:20,0
DA:21,0
DA:22,0
DA:23,0
DA:24,24
DA:25,24
DA:26,0
DA:27,0
DA:28,0
DA:29,0
DA:30,0
DA:31,24
DA:32,24
DA:33,0
DA:34,0
DA:35,0
DA:36,0
DA:37,0
DA:38,0
DA:39,0
DA:40,0
DA:41,0
DA:42,24
DA:43,24
DA:44,0
DA:45,0
DA:46,0
DA:47,0
DA:48,0
DA:49,0
DA:50,0
DA:51,24
DA:52,24
DA:53,0
DA:54,0
DA:55,0
DA:56,0
DA:57,24
DA:58,24
DA:59,0
DA:60,0
DA:61,0
DA:62,0
DA:63,0
DA:64,24
DA:65,24
DA:66,0
DA:67,0
DA:68,0
DA:69,0
DA:70,24
DA:71,24
DA:72,24
DA:73,24
DA:74,7
LF:74
LH:36
BRDA:1,0,0,7
BRDA:17,1,0,24
BRDA:19,2,0,0
BRDA:25,3,0,0
BRDA:32,4,0,0
BRDA:43,5,0,0
BRDA:52,6,0,0
BRDA:58,7,0,0
BRDA:65,8,0,0
BRF:9
BRH:2
end_of_record
TN:
SF:src/store/reducers/index.js
FNF:0
FNH:0
DA:1,7
DA:2,7
DA:3,7
DA:4,7
DA:5,7
DA:6,7
DA:7,7
DA:8,7
LF:8
LH:8
BRDA:1,0,0,7
BRF:1
BRH:1
end_of_record
TN:
SF:src/store/reducers/ui.js
FN:28,uiReducer
FNF:1
FNH:1
FNDA:24,uiReducer
DA:1,7
DA:2,7
DA:3,7
DA:4,7
DA:5,7
DA:6,7
DA:7,7
DA:8,7
DA:9,7
DA:10,7
DA:11,7
DA:12,7
DA:13,7
DA:14,7
DA:15,7
DA:16,7
DA:17,7
DA:18,7
DA:19,7
DA:20,7
DA:21,7
DA:22,7
DA:23,7
DA:24,7
DA:25,7
DA:26,7
DA:27,7
DA:28,7
DA:29,24
DA:30,24
DA:31,1
DA:32,1
DA:33,1
DA:34,1
DA:35,24
DA:36,24
DA:37,0
DA:38,0
DA:39,0
DA:40,0
DA:41,24
DA:42,24
DA:43,0
DA:44,0
DA:45,0
DA:46,0
DA:47,0
DA:48,0
DA:49,0
DA:50,0
DA:51,0
DA:52,0
DA:53,0
DA:54,24
DA:55,24
DA:56,0
DA:57,0
DA:58,0
DA:59,0
DA:60,0
DA:61,0
DA:62,0
DA:63,0
DA:64,0
DA:65,0
DA:66,0
DA:67,24
DA:68,24
DA:69,0
DA:70,0
DA:71,0
DA:72,0
DA:73,0
DA:74,0
DA:75,0
DA:76,0
DA:77,0
DA:78,0
DA:79,0
DA:80,24
DA:81,24
DA:82,0
DA:83,0
DA:84,0
DA:85,0
DA:86,0
DA:87,0
DA:88,0
DA:89,0
DA:90,0
DA:91,0
DA:92,0
DA:93,0
DA:94,24
DA:95,24
DA:96,1
DA:97,1
DA:98,1
DA:99,1
DA:100,1
DA:101,1
DA:102,1
DA:103,24
DA:104,24
DA:105,1
DA:106,1
DA:107,1
DA:108,1
DA:109,1
DA:110,1
DA:111,1
DA:112,1
DA:113,24
DA:114,24
DA:115,0
DA:116,0
DA:117,0
DA:118,0
DA:119,24
DA:120,24
DA:121,21
DA:122,24
DA:123,7
LF:123
LH:70
BRDA:1,0,0,7
BRDA:28,1,0,24
BRDA:30,2,0,1
BRDA:36,3,0,0
BRDA:42,4,0,0
BRDA:55,5,0,0
BRDA:68,6,0,0
BRDA:81,7,0,0
BRDA:95,8,0,1
BRDA:104,9,0,1
BRDA:114,10,0,0
BRDA:120,11,0,21
BRF:12
BRH:6
end_of_record
TN:
SF:src/utils/toast-service.js
FN:2,ToastService
FN:6,init
FN:10,getManager
FN:14,show
FN:22,success
FN:30,error
FN:38,warning
FN:46,info
FN:54,hide
FN:62,clear
FNF:10
FNH:1
FNDA:4,ToastService
FNDA:0,init
FNDA:0,getManager
FNDA:0,show
FNDA:0,success
FNDA:0,error
FNDA:0,warning
FNDA:0,info
FNDA:0,hide
FNDA:0,clear
DA:1,4
DA:2,4
DA:3,4
DA:4,4
DA:5,4
DA:6,4
DA:7,0
DA:8,0
DA:9,4
DA:10,4
DA:11,0
DA:12,0
DA:13,4
DA:14,4
DA:15,0
DA:16,0
DA:17,0
DA:18,0
DA:19,0
DA:20,0
DA:21,4
DA:22,4
DA:23,0
DA:24,0
DA:25,0
DA:26,0
DA:27,0
DA:28,0
DA:29,4
DA:30,4
DA:31,0
DA:32,0
DA:33,0
DA:34,0
DA:35,0
DA:36,0
DA:37,4
DA:38,4
DA:39,0
DA:40,0
DA:41,0
DA:42,0
DA:43,0
DA:44,0
DA:45,4
DA:46,4
DA:47,0
DA:48,0
DA:49,0
DA:50,0
DA:51,0
DA:52,0
DA:53,4
DA:54,4
DA:55,0
DA:56,0
DA:57,0
DA:58,0
DA:59,0
DA:60,0
DA:61,4
DA:62,4
DA:63,0
DA:64,0
DA:65,0
DA:66,0
DA:67,0
DA:68,0
DA:69,0
DA:70,4
DA:71,4
DA:72,4
LF:72
LH:25
BRDA:1,0,0,4
BRDA:2,1,0,4
BRF:2
BRH:2
end_of_record
